This file contains any messages produced by compilers while
running configure, to aid debugging if configure makes a mistake.

It was created by rsync configure.sh  , which was
generated by GNU Autoconf 2.69.  Invocation command line was

  $ /sda3/jails/current/pkglinux-pkgsrc.2022Q2/net/rsync/work.mips64/rsync-3.2.4/configure.sh 

## --------- ##
## Platform. ##
## --------- ##

hostname = pkgLinux
uname -m = x86_64
uname -r = 5.18.17
uname -s = Linux
uname -v = #1 SMP PREEMPT_DYNAMIC Wed Aug 17 17:35:00 UTC 2022

/usr/bin/uname -p = unknown
/bin/uname -X     = unknown

/bin/arch              = unknown
/usr/bin/arch -k       = unknown
/usr/convex/getsysinfo = unknown
/usr/bin/hostinfo      = unknown
/bin/machine           = unknown
/usr/bin/oslevel       = unknown
/bin/universe          = unknown

PATH: /2022Q2-mips64abi64/sbin
PATH: /2022Q2-mips64abi64/bin
PATH: /pkg/qt5/bin
PATH: /bin
PATH: /usr/bin
PATH: /sbin
PATH: /usr/sbin
PATH: /pkg/sbin
PATH: /pkg/bin
PATH: /sda4/sda3/go/bin


## ----------- ##
## Core tests. ##
## ----------- ##

configure.sh:2638: checking for gcc
configure.sh:2654: found /usr/bin/gcc
configure.sh:2665: result: gcc
configure.sh:2894: checking for C compiler version
configure.sh:2903: gcc --version >&5
gcc (GCC) 6.5.0
Copyright (C) 2017 Free Software Foundation, Inc.
This is free software; see the source for copying conditions.  There is NO
warranty; not even for MERCHANTABILITY or FITNESS FOR A PARTICULAR PURPOSE.

configure.sh:2914: $? = 0
configure.sh:2903: gcc -v >&5
Using built-in specs.
COLLECT_GCC=gcc
COLLECT_LTO_WRAPPER=/2022Q2/native/usr/libexec/gcc/x86_64-unknown-linux/6.5.0/lto-wrapper
Target: x86_64-unknown-linux
Configured with: /sda3/jails/current/pkglinux-pkgsrc.2022Q2/native/gcc6/work/gcc-6.5.0/configure --build=x86_64-unknown-linux --prefix=/2022Q2/native/usr --enable-multilib --with-multilib-list=m64,m32,mx32 --with-arch=k8 --with-tune=k8 --enable-threads=posix --enable-libssp --enable-libmpx --with-system-zlib --enable-languages=c,c++
Thread model: posix
gcc version 6.5.0 (GCC) 
configure.sh:2914: $? = 0
configure.sh:2903: gcc -V >&5
gcc: error: unrecognized command line option '-V'
gcc: fatal error: no input files
compilation terminated.
configure.sh:2914: $? = 1
configure.sh:2903: gcc -qversion >&5
gcc: error: unrecognized command line option '-qversion'; did you mean '--version'?
gcc: fatal error: no input files
compilation terminated.
configure.sh:2914: $? = 1
configure.sh:2934: checking whether the C compiler works
configure.sh:2956: gcc    conftest.c  >&5
configure.sh:2960: $? = 0
configure.sh:3008: result: yes
configure.sh:3011: checking for C compiler default output file name
configure.sh:3013: result: a.out
configure.sh:3019: checking for suffix of executables
configure.sh:3026: gcc -o conftest    conftest.c  >&5
configure.sh:3030: $? = 0
configure.sh:3052: result: 
configure.sh:3074: checking whether we are cross compiling
configure.sh:3082: gcc -o conftest    conftest.c  >&5
configure.sh:3086: $? = 0
configure.sh:3093: ./conftest
configure.sh:3097: $? = 0
configure.sh:3112: result: no
configure.sh:3117: checking for suffix of object files
configure.sh:3139: gcc -c   conftest.c >&5
configure.sh:3143: $? = 0
configure.sh:3164: result: o
configure.sh:3168: checking whether we are using the GNU C compiler
configure.sh:3187: gcc -c   conftest.c >&5
configure.sh:3187: $? = 0
configure.sh:3196: result: yes
configure.sh:3205: checking whether gcc accepts -g
configure.sh:3225: gcc -c -g  conftest.c >&5
configure.sh:3225: $? = 0
configure.sh:3266: result: yes
configure.sh:3283: checking for gcc option to accept ISO C89
configure.sh:3346: gcc  -c -g -O2  conftest.c >&5
configure.sh:3346: $? = 0
configure.sh:3359: result: none needed
configure.sh:3385: checking how to run the C preprocessor
configure.sh:3416: gcc -E  conftest.c
configure.sh:3416: $? = 0
configure.sh:3430: gcc -E  conftest.c
conftest.c:9:28: fatal error: ac_nonexistent.h: No such file or directory
 #include <ac_nonexistent.h>
                            ^
compilation terminated.
configure.sh:3430: $? = 1
configure.sh: failed program was:
| /* confdefs.h */
| #define PACKAGE_NAME "rsync"
| #define PACKAGE_TARNAME "rsync"
| #define PACKAGE_VERSION " "
| #define PACKAGE_STRING "rsync  "
| #define PACKAGE_BUGREPORT "https://rsync.samba.org/bug-tracking.html"
| #define PACKAGE_URL ""
| /* end confdefs.h.  */
| #include <ac_nonexistent.h>
configure.sh:3455: result: gcc -E
configure.sh:3475: gcc -E  conftest.c
configure.sh:3475: $? = 0
configure.sh:3489: gcc -E  conftest.c
conftest.c:9:28: fatal error: ac_nonexistent.h: No such file or directory
 #include <ac_nonexistent.h>
                            ^
compilation terminated.
configure.sh:3489: $? = 1
configure.sh: failed program was:
| /* confdefs.h */
| #define PACKAGE_NAME "rsync"
| #define PACKAGE_TARNAME "rsync"
| #define PACKAGE_VERSION " "
| #define PACKAGE_STRING "rsync  "
| #define PACKAGE_BUGREPORT "https://rsync.samba.org/bug-tracking.html"
| #define PACKAGE_URL ""
| /* end confdefs.h.  */
| #include <ac_nonexistent.h>
configure.sh:3518: checking for grep that handles long lines and -e
configure.sh:3576: result: /bin/grep
configure.sh:3581: checking for egrep
configure.sh:3643: result: /bin/grep -E
configure.sh:3648: checking for ANSI C header files
configure.sh:3668: gcc -c -g -O2  conftest.c >&5
configure.sh:3668: $? = 0
configure.sh:3741: gcc -o conftest -g -O2   conftest.c  >&5
configure.sh:3741: $? = 0
configure.sh:3741: ./conftest
configure.sh:3741: $? = 0
configure.sh:3752: result: yes
configure.sh:3765: checking for sys/types.h
configure.sh:3765: gcc -c -g -O2  conftest.c >&5
configure.sh:3765: $? = 0
configure.sh:3765: result: yes
configure.sh:3765: checking for sys/stat.h
configure.sh:3765: gcc -c -g -O2  conftest.c >&5
configure.sh:3765: $? = 0
configure.sh:3765: result: yes
configure.sh:3765: checking for stdlib.h
configure.sh:3765: gcc -c -g -O2  conftest.c >&5
configure.sh:3765: $? = 0
configure.sh:3765: result: yes
configure.sh:3765: checking for string.h
configure.sh:3765: gcc -c -g -O2  conftest.c >&5
configure.sh:3765: $? = 0
configure.sh:3765: result: yes
configure.sh:3765: checking for memory.h
configure.sh:3765: gcc -c -g -O2  conftest.c >&5
configure.sh:3765: $? = 0
configure.sh:3765: result: yes
configure.sh:3765: checking for strings.h
configure.sh:3765: gcc -c -g -O2  conftest.c >&5
configure.sh:3765: $? = 0
configure.sh:3765: result: yes
configure.sh:3765: checking for inttypes.h
configure.sh:3765: gcc -c -g -O2  conftest.c >&5
configure.sh:3765: $? = 0
configure.sh:3765: result: yes
configure.sh:3765: checking for stdint.h
configure.sh:3765: gcc -c -g -O2  conftest.c >&5
configure.sh:3765: $? = 0
configure.sh:3765: result: yes
configure.sh:3765: checking for unistd.h
configure.sh:3765: gcc -c -g -O2  conftest.c >&5
configure.sh:3765: $? = 0
configure.sh:3765: result: yes
configure.sh:3777: checking whether byte ordering is bigendian
configure.sh:3792: gcc -c -g -O2  conftest.c >&5
conftest.c:20:9: error: unknown type name 'not'
         not a universal capable compiler
         ^~~
conftest.c:20:15: error: expected '=', ',', ';', 'asm' or '__attribute__' before 'universal'
         not a universal capable compiler
               ^~~~~~~~~
conftest.c:20:15: error: unknown type name 'universal'
configure.sh:3792: $? = 1
configure.sh: failed program was:
| /* confdefs.h */
| #define PACKAGE_NAME "rsync"
| #define PACKAGE_TARNAME "rsync"
| #define PACKAGE_VERSION " "
| #define PACKAGE_STRING "rsync  "
| #define PACKAGE_BUGREPORT "https://rsync.samba.org/bug-tracking.html"
| #define PACKAGE_URL ""
| #define STDC_HEADERS 1
| #define HAVE_SYS_TYPES_H 1
| #define HAVE_SYS_STAT_H 1
| #define HAVE_STDLIB_H 1
| #define HAVE_STRING_H 1
| #define HAVE_MEMORY_H 1
| #define HAVE_STRINGS_H 1
| #define HAVE_INTTYPES_H 1
| #define HAVE_STDINT_H 1
| #define HAVE_UNISTD_H 1
| /* end confdefs.h.  */
| #ifndef __APPLE_CC__
| 	       not a universal capable compiler
| 	     #endif
| 	     typedef int dummy;
| 
configure.sh:3837: gcc -c -g -O2  conftest.c >&5
configure.sh:3837: $? = 0
configure.sh:3855: gcc -c -g -O2  conftest.c >&5
conftest.c: In function 'main':
conftest.c:26:4: error: unknown type name 'not'
    not big endian
    ^~~
conftest.c:26:12: error: expected '=', ',', ';', 'asm' or '__attribute__' before 'endian'
    not big endian
            ^~~~~~
configure.sh:3855: $? = 1
configure.sh: failed program was:
| /* confdefs.h */
| #define PACKAGE_NAME "rsync"
| #define PACKAGE_TARNAME "rsync"
| #define PACKAGE_VERSION " "
| #define PACKAGE_STRING "rsync  "
| #define PACKAGE_BUGREPORT "https://rsync.samba.org/bug-tracking.html"
| #define PACKAGE_URL ""
| #define STDC_HEADERS 1
| #define HAVE_SYS_TYPES_H 1
| #define HAVE_SYS_STAT_H 1
| #define HAVE_STDLIB_H 1
| #define HAVE_STRING_H 1
| #define HAVE_MEMORY_H 1
| #define HAVE_STRINGS_H 1
| #define HAVE_INTTYPES_H 1
| #define HAVE_STDINT_H 1
| #define HAVE_UNISTD_H 1
| /* end confdefs.h.  */
| #include <sys/types.h>
| 		#include <sys/param.h>
| 
| int
| main ()
| {
| #if BYTE_ORDER != BIG_ENDIAN
| 		 not big endian
| 		#endif
| 
|   ;
|   return 0;
| }
configure.sh:3983: result: no
configure.sh:4004: checking for dirent.h that defines DIR
configure.sh:4023: gcc -c -g -O2  conftest.c >&5
configure.sh:4023: $? = 0
configure.sh:4031: result: yes
configure.sh:4044: checking for library containing opendir
configure.sh:4075: gcc -o conftest -g -O2   conftest.c  >&5
configure.sh:4075: $? = 0
configure.sh:4092: result: none required
configure.sh:4159: checking whether time.h and sys/time.h may both be included
configure.sh:4179: gcc -c -g -O2  conftest.c >&5
configure.sh:4179: $? = 0
configure.sh:4186: result: yes
configure.sh:4194: checking for sys/wait.h that is POSIX.1 compatible
configure.sh:4220: gcc -c -g -O2  conftest.c >&5
configure.sh:4220: $? = 0
configure.sh:4227: result: yes
configure.sh:4245: checking sys/fcntl.h usability
configure.sh:4245: gcc -c -g -O2  conftest.c >&5
configure.sh:4245: $? = 0
configure.sh:4245: result: yes
configure.sh:4245: checking sys/fcntl.h presence
configure.sh:4245: gcc -E  conftest.c
configure.sh:4245: $? = 0
configure.sh:4245: result: yes
configure.sh:4245: checking for sys/fcntl.h
configure.sh:4245: result: yes
configure.sh:4245: checking sys/select.h usability
configure.sh:4245: gcc -c -g -O2  conftest.c >&5
configure.sh:4245: $? = 0
configure.sh:4245: result: yes
configure.sh:4245: checking sys/select.h presence
configure.sh:4245: gcc -E  conftest.c
configure.sh:4245: $? = 0
configure.sh:4245: result: yes
configure.sh:4245: checking for sys/select.h
configure.sh:4245: result: yes
configure.sh:4245: checking fcntl.h usability
configure.sh:4245: gcc -c -g -O2  conftest.c >&5
configure.sh:4245: $? = 0
configure.sh:4245: result: yes
configure.sh:4245: checking fcntl.h presence
configure.sh:4245: gcc -E  conftest.c
configure.sh:4245: $? = 0
configure.sh:4245: result: yes
configure.sh:4245: checking for fcntl.h
configure.sh:4245: result: yes
configure.sh:4245: checking sys/time.h usability
configure.sh:4245: gcc -c -g -O2  conftest.c >&5
configure.sh:4245: $? = 0
configure.sh:4245: result: yes
configure.sh:4245: checking sys/time.h presence
configure.sh:4245: gcc -E  conftest.c
configure.sh:4245: $? = 0
configure.sh:4245: result: yes
configure.sh:4245: checking for sys/time.h
configure.sh:4245: result: yes
configure.sh:4245: checking sys/unistd.h usability
configure.sh:4245: gcc -c -g -O2  conftest.c >&5
configure.sh:4245: $? = 0
configure.sh:4245: result: yes
configure.sh:4245: checking sys/unistd.h presence
configure.sh:4245: gcc -E  conftest.c
configure.sh:4245: $? = 0
configure.sh:4245: result: yes
configure.sh:4245: checking for sys/unistd.h
configure.sh:4245: result: yes
configure.sh:4245: checking for unistd.h
configure.sh:4245: result: yes
configure.sh:4245: checking utime.h usability
configure.sh:4245: gcc -c -g -O2  conftest.c >&5
configure.sh:4245: $? = 0
configure.sh:4245: result: yes
configure.sh:4245: checking utime.h presence
configure.sh:4245: gcc -E  conftest.c
configure.sh:4245: $? = 0
configure.sh:4245: result: yes
configure.sh:4245: checking for utime.h
configure.sh:4245: result: yes
configure.sh:4245: checking compat.h usability
configure.sh:4245: gcc -c -g -O2  conftest.c >&5
conftest.c:62:20: fatal error: compat.h: No such file or directory
 #include <compat.h>
                    ^
compilation terminated.
configure.sh:4245: $? = 1
configure.sh: failed program was:
| /* confdefs.h */
| #define PACKAGE_NAME "rsync"
| #define PACKAGE_TARNAME "rsync"
| #define PACKAGE_VERSION " "
| #define PACKAGE_STRING "rsync  "
| #define PACKAGE_BUGREPORT "https://rsync.samba.org/bug-tracking.html"
| #define PACKAGE_URL ""
| #define STDC_HEADERS 1
| #define HAVE_SYS_TYPES_H 1
| #define HAVE_SYS_STAT_H 1
| #define HAVE_STDLIB_H 1
| #define HAVE_STRING_H 1
| #define HAVE_MEMORY_H 1
| #define HAVE_STRINGS_H 1
| #define HAVE_INTTYPES_H 1
| #define HAVE_STDINT_H 1
| #define HAVE_UNISTD_H 1
| #define HAVE_DIRENT_H 1
| #define TIME_WITH_SYS_TIME 1
| #define HAVE_SYS_WAIT_H 1
| #define HAVE_SYS_FCNTL_H 1
| #define HAVE_SYS_SELECT_H 1
| #define HAVE_FCNTL_H 1
| #define HAVE_SYS_TIME_H 1
| #define HAVE_SYS_UNISTD_H 1
| #define HAVE_UNISTD_H 1
| #define HAVE_UTIME_H 1
| /* end confdefs.h.  */
| #include <stdio.h>
| #ifdef HAVE_SYS_TYPES_H
| # include <sys/types.h>
| #endif
| #ifdef HAVE_SYS_STAT_H
| # include <sys/stat.h>
| #endif
| #ifdef STDC_HEADERS
| # include <stdlib.h>
| # include <stddef.h>
| #else
| # ifdef HAVE_STDLIB_H
| #  include <stdlib.h>
| # endif
| #endif
| #ifdef HAVE_STRING_H
| # if !defined STDC_HEADERS && defined HAVE_MEMORY_H
| #  include <memory.h>
| # endif
| # include <string.h>
| #endif
| #ifdef HAVE_STRINGS_H
| # include <strings.h>
| #endif
| #ifdef HAVE_INTTYPES_H
| # include <inttypes.h>
| #endif
| #ifdef HAVE_STDINT_H
| # include <stdint.h>
| #endif
| #ifdef HAVE_UNISTD_H
| # include <unistd.h>
| #endif
| #include <compat.h>
configure.sh:4245: result: no
configure.sh:4245: checking compat.h presence
configure.sh:4245: gcc -E  conftest.c
conftest.c:29:20: fatal error: compat.h: No such file or directory
 #include <compat.h>
                    ^
compilation terminated.
configure.sh:4245: $? = 1
configure.sh: failed program was:
| /* confdefs.h */
| #define PACKAGE_NAME "rsync"
| #define PACKAGE_TARNAME "rsync"
| #define PACKAGE_VERSION " "
| #define PACKAGE_STRING "rsync  "
| #define PACKAGE_BUGREPORT "https://rsync.samba.org/bug-tracking.html"
| #define PACKAGE_URL ""
| #define STDC_HEADERS 1
| #define HAVE_SYS_TYPES_H 1
| #define HAVE_SYS_STAT_H 1
| #define HAVE_STDLIB_H 1
| #define HAVE_STRING_H 1
| #define HAVE_MEMORY_H 1
| #define HAVE_STRINGS_H 1
| #define HAVE_INTTYPES_H 1
| #define HAVE_STDINT_H 1
| #define HAVE_UNISTD_H 1
| #define HAVE_DIRENT_H 1
| #define TIME_WITH_SYS_TIME 1
| #define HAVE_SYS_WAIT_H 1
| #define HAVE_SYS_FCNTL_H 1
| #define HAVE_SYS_SELECT_H 1
| #define HAVE_FCNTL_H 1
| #define HAVE_SYS_TIME_H 1
| #define HAVE_SYS_UNISTD_H 1
| #define HAVE_UNISTD_H 1
| #define HAVE_UTIME_H 1
| /* end confdefs.h.  */
| #include <compat.h>
configure.sh:4245: result: no
configure.sh:4245: checking for compat.h
configure.sh:4245: result: no
configure.sh:4245: checking sys/param.h usability
configure.sh:4245: gcc -c -g -O2  conftest.c >&5
configure.sh:4245: $? = 0
configure.sh:4245: result: yes
configure.sh:4245: checking sys/param.h presence
configure.sh:4245: gcc -E  conftest.c
configure.sh:4245: $? = 0
configure.sh:4245: result: yes
configure.sh:4245: checking for sys/param.h
configure.sh:4245: result: yes
configure.sh:4245: checking ctype.h usability
configure.sh:4245: gcc -c -g -O2  conftest.c >&5

## ---------------- ##
## Cache variables. ##
## ---------------- ##

ac_cv_c_bigendian=no
ac_cv_c_compiler_gnu=yes
ac_cv_env_CCC_set=
ac_cv_env_CCC_value=
ac_cv_env_CC_set=
ac_cv_env_CC_value=
ac_cv_env_CFLAGS_set=
ac_cv_env_CFLAGS_value=
ac_cv_env_CPPFLAGS_set=
ac_cv_env_CPPFLAGS_value=
ac_cv_env_CPP_set=
ac_cv_env_CPP_value=
ac_cv_env_CXXFLAGS_set=
ac_cv_env_CXXFLAGS_value=
ac_cv_env_CXX_set=
ac_cv_env_CXX_value=
ac_cv_env_LDFLAGS_set=
ac_cv_env_LDFLAGS_value=
ac_cv_env_LIBS_set=
ac_cv_env_LIBS_value=
ac_cv_env_build_alias_set=
ac_cv_env_build_alias_value=
ac_cv_env_host_alias_set=
ac_cv_env_host_alias_value=
ac_cv_env_target_alias_set=
ac_cv_env_target_alias_value=
ac_cv_header_compat_h=no
ac_cv_header_dirent_dirent_h=yes
ac_cv_header_fcntl_h=yes
ac_cv_header_inttypes_h=yes
ac_cv_header_memory_h=yes
ac_cv_header_stdc=yes
ac_cv_header_stdint_h=yes
ac_cv_header_stdlib_h=yes
ac_cv_header_string_h=yes
ac_cv_header_strings_h=yes
ac_cv_header_sys_fcntl_h=yes
ac_cv_header_sys_param_h=yes
ac_cv_header_sys_select_h=yes
ac_cv_header_sys_stat_h=yes
ac_cv_header_sys_time_h=yes
ac_cv_header_sys_types_h=yes
ac_cv_header_sys_unistd_h=yes
ac_cv_header_sys_wait_h=yes
ac_cv_header_time=yes
ac_cv_header_unistd_h=yes
ac_cv_header_utime_h=yes
ac_cv_objext=o
ac_cv_path_EGREP='/bin/grep -E'
ac_cv_path_GREP=/bin/grep
ac_cv_prog_CPP='gcc -E'
ac_cv_prog_ac_ct_CC=gcc
ac_cv_prog_cc_c89=
ac_cv_prog_cc_g=yes
ac_cv_search_opendir='none required'

## ----------------- ##
## Output variables. ##
## ----------------- ##

ALLOCA=''
AWK=''
BUILD_POPT=''
BUILD_ZLIB=''
CC='gcc'
CC_SHOBJ_FLAG=''
CFLAGS='-g -O2'
CPP='gcc -E'
CPPFLAGS=''
CXX=''
CXXFLAGS=''
DEFS=''
ECHO_C=''
ECHO_N='-n'
ECHO_T=''
EGREP='/bin/grep -E'
EXEEXT=''
FAKEROOT_PATH=''
GEN_RRSYNC=''
GREP='/bin/grep'
HAVE_REMSH=''
INSTALL_DATA=''
INSTALL_PROGRAM=''
INSTALL_SCRIPT=''
LDFLAGS=''
LIBOBJS=''
LIBS=''
LTLIBOBJS=''
MAKE_MAN=''
MAKE_RRSYNC=''
MAKE_RRSYNC_1=''
MD5_ASM=''
MKDIR_P=''
NOEXECSTACK=''
OBJEXT='o'
OBJ_RESTORE=''
OBJ_SAVE=''
PACKAGE_BUGREPORT='https://rsync.samba.org/bug-tracking.html'
PACKAGE_NAME='rsync'
PACKAGE_STRING='rsync  '
PACKAGE_TARNAME='rsync'
PACKAGE_URL=''
PACKAGE_VERSION=' '
PATH_SEPARATOR=':'
PERL=''
PYTHON3=''
ROLL_ASM=''
ROLL_SIMD=''
SHELL='/bin/sh'
SHELL_PATH=''
ac_ct_CC='gcc'
ac_ct_CXX=''
bindir='${exec_prefix}/bin'
build=''
build_alias=''
build_cpu=''
build_os=''
build_vendor=''
datadir='${datarootdir}'
datarootdir='${prefix}/share'
docdir='${datarootdir}/doc/${PACKAGE_TARNAME}'
dvidir='${docdir}'
exec_prefix='NONE'
host=''
host_alias=''
host_cpu=''
host_os=''
host_vendor=''
htmldir='${docdir}'
includedir='${prefix}/include'
infodir='${datarootdir}/info'
libdir='${exec_prefix}/lib'
libexecdir='${exec_prefix}/libexec'
localedir='${datarootdir}/locale'
localstatedir='${prefix}/var'
mandir='${datarootdir}/man'
oldincludedir='/usr/include'
pdfdir='${docdir}'
prefix='NONE'
program_transform_name='s,x,x,'
psdir='${docdir}'
runstatedir='${localstatedir}/run'
sbindir='${exec_prefix}/sbin'
sharedstatedir='${prefix}/com'
sysconfdir='${prefix}/etc'
target_alias=''
with_rrsync=''

## ----------- ##
## confdefs.h. ##
## ----------- ##

/* confdefs.h */
#define PACKAGE_NAME "rsync"
#define PACKAGE_TARNAME "rsync"
#define PACKAGE_VERSION " "
#define PACKAGE_STRING "rsync  "
#define PACKAGE_BUGREPORT "https://rsync.samba.org/bug-tracking.html"
#define PACKAGE_URL ""
#define STDC_HEADERS 1
#define HAVE_SYS_TYPES_H 1
#define HAVE_SYS_STAT_H 1
#define HAVE_STDLIB_H 1
#define HAVE_STRING_H 1
#define HAVE_MEMORY_H 1
#define HAVE_STRINGS_H 1
#define HAVE_INTTYPES_H 1
#define HAVE_STDINT_H 1
#define HAVE_UNISTD_H 1
#define HAVE_DIRENT_H 1
#define TIME_WITH_SYS_TIME 1
#define HAVE_SYS_WAIT_H 1
#define HAVE_SYS_FCNTL_H 1
#define HAVE_SYS_SELECT_H 1
#define HAVE_FCNTL_H 1
#define HAVE_SYS_TIME_H 1
#define HAVE_SYS_UNISTD_H 1
#define HAVE_UNISTD_H 1
#define HAVE_UTIME_H 1
#define HAVE_SYS_PARAM_H 1

configure.sh: caught signal 2
configure.sh: exit 1
