# Log file generated by
#
#   'work/VirtualBox-7.0.12/configure '
#

***** Checking environment *****
Determined build machine: linux.amd64, target machine: linux.amd64


***** Checking kBuild *****
found


***** Checking gcc *****
found version 6.5.0


***** Checking Open Watcom *****
** Open Watcom was not found, using alternative BIOS sources!

***** Checking iasl *****
found version 20230628


***** Checking yasm *****
found version 1.3.0


***** Checking xslt *****
found


***** Checking pthread *****
compiling the following source file:
#include <cstdio>
#include <pthread.h>
extern "C" int main(void)
{
  pthread_mutex_t mutex;
  if (pthread_mutex_init(&mutex, NULL)) {
    printf("pthread_mutex_init() failed\n");
    return 1;
  }
  if (pthread_mutex_lock(&mutex)) {
    printf("pthread_mutex_lock() failed\n");
    return 1;
  }
  if (pthread_mutex_unlock(&mutex)) {
    printf("pthread_mutex_unlock() failed\n");
    return 1;
  }
  printf("found, OK.\n");
}
using the following command line:
g++  -fPIC -g -O -Wall -o /root/pkglinux-pkgsrc/native/vbox7/.tmp_out /root/pkglinux-pkgsrc/native/vbox7/.tmp_src.cc -lpthread
executing the binary
found, OK.


***** Checking libxml2 *****
compiling the following source file:
#include <cstdio>
#include <libxml/xmlversion.h>
extern "C" int main(void)
{
  printf("found version %s", LIBXML_DOTTED_VERSION);
#if LIBXML_VERSION >= 20626
  printf(", OK.\n");
  return 0;
#else
  printf(", expected version 2.6.26 or higher\n");
  return 1;
#endif
}
using the following command line:
g++  -fPIC -g -O -Wall -o /root/pkglinux-pkgsrc/native/vbox7/.tmp_out /root/pkglinux-pkgsrc/native/vbox7/.tmp_src.cc -I/pkg/include -L/pkg/lib -Wl,-R/2022Q2/lib -L/2022Q2/lib -lxml2  -lpthread -I/2022Q2/include/libxml2
executing the binary
found version 2.9.14, OK.


***** Checking libIDL *****
found version 0.8.14


***** Checking zlib *****
compiling the following source file:
#include <cstdio>
#include <zlib.h>
extern "C" int main(void)
{
  printf("found version %s", ZLIB_VERSION);
#if ZLIB_VERNUM >= 0x1210
  printf(", OK.\n");
  return 0;
#else
  printf(", expected version 1.2.1 or higher\n");
  return 1;
#endif
}
using the following command line:
g++  -fPIC -g -O -Wall -o /root/pkglinux-pkgsrc/native/vbox7/.tmp_out /root/pkglinux-pkgsrc/native/vbox7/.tmp_src.cc -I/pkg/include -L/pkg/lib -lz -lz -I/pkg/include 
executing the binary
found version 1.2.12, OK.


***** Checking liblzf *****
compiling the following source file:
#include <cstdio>
#include <lzf.h>
extern "C" int main(void)
{
  printf("found LZF API version %u.%u", LZF_VERSION >> 8, LZF_VERSION & 0xff);
#if LZF_VERSION >= 0x0105
  printf(", OK.\n");
  return 0;
#else
  printf(", expected version 1.5 or higher\n");
  return 1;
#endif
}
using the following command line:
g++  -fPIC -g -O -Wall -o /root/pkglinux-pkgsrc/native/vbox7/.tmp_out /root/pkglinux-pkgsrc/native/vbox7/.tmp_src.cc -I/pkg/include -L/pkg/lib -llzf -I/usr/include/liblzf
/root/pkglinux-pkgsrc/native/vbox7/.tmp_src.cc:2:17: fatal error: lzf.h: No such file or directory
 #include <lzf.h>
                 ^
compilation terminated.


***** Checking ssl *****
compiling the following source file:
#include <cstdio>
#include <openssl/opensslv.h>
#include <openssl/ssl.h>
extern "C" int main(void)
{
  printf("found version %s", OPENSSL_VERSION_TEXT);
  SSL_library_init();
#if OPENSSL_VERSION_NUMBER >= 0x10001000
  printf(", OK.\n");
  return 0;
#else
  printf(", expected version 1.0.1 or higher\n");
  return 1;
#endif
}
using the following command line:
g++  -fPIC -g -O -Wall -o /root/pkglinux-pkgsrc/native/vbox7/.tmp_out /root/pkglinux-pkgsrc/native/vbox7/.tmp_src.cc -I/pkg/include -L/pkg/lib  -lssl -lcrypto
executing the binary
found version OpenSSL 1.1.1p  21 Jun 2022, OK.


***** Checking libcurl *****
compiling the following source file:
#include <cstdio>
#include <curl/curl.h>
extern "C" int main(void)
{
  printf("found version %s", LIBCURL_VERSION);
#if 10000*LIBCURL_VERSION_MAJOR + 100*LIBCURL_VERSION_MINOR + LIBCURL_VERSION_PATCH >= 71901
  printf(", OK.\n");
  return 0;
#else
  printf(", expected version 7.19.1 or higher\n");
  return 1;
#endif
}
using the following command line:
g++  -fPIC -g -O -Wall -o /root/pkglinux-pkgsrc/native/vbox7/.tmp_out /root/pkglinux-pkgsrc/native/vbox7/.tmp_src.cc -I/pkg/include -L/pkg/lib -lcurl 
executing the binary
found version 7.84.0, OK.


***** Checking libvpx *****
compiling the following source file:
#include <cstdio>
#include <vpx/vpx_codec.h>
extern "C" int main(void)
{
  int version = vpx_codec_version();
  int verMajor = VPX_VERSION_MAJOR(version);
  int verMinor = VPX_VERSION_MINOR(version);
  int verPatch = VPX_VERSION_PATCH(version);
  printf("found version %d.%d.%d", verMajor, verMinor, verPatch);
  if (   verMajor == 1 && verMinor >= 0
      || verMajor == 0 && verMinor == 9 && verPatch >= 5)
  {
      printf(", OK.\n");
      return 0;
  }
  else
  {
      printf(", expected version 0.9.5 or higher\n");
      return 1;
   }
}
using the following command line:
g++  -fPIC -g -O -Wall -o /root/pkglinux-pkgsrc/native/vbox7/.tmp_out /root/pkglinux-pkgsrc/native/vbox7/.tmp_src.cc -I/pkg/include -L/pkg/lib -Wl,-R/2022Q2/lib -L/2022Q2/lib -lvpx -lm  -I/2022Q2/include
/root/pkglinux-pkgsrc/native/vbox7/.tmp_src.cc: In function 'int main()':
/root/pkglinux-pkgsrc/native/vbox7/.tmp_src.cc:10:24: warning: suggest parentheses around '&&' within '||' [-Wparentheses]
   if (   verMajor == 1 && verMinor >= 0
          ~~~~~~~~~~~~~~^~~~~~~~~~~~~~~~
executing the binary
found version 1.11.0, OK.


***** Checking libtpms *****
Package libtpms was not found in the pkg-config search path.
Perhaps you should add the directory containing `libtpms.pc'
to the PKG_CONFIG_PATH environment variable
Package 'libtpms', required by 'virtual:world', not found
compiling the following source file:
#include <cstdio>
#include <libtpms/tpm_library.h>
extern "C" int main(void)
{
  TPMLIB_MainInit();
  printf("found, OK.\n");
}
using the following command line:
g++  -fPIC -g -O -Wall -o /root/pkglinux-pkgsrc/native/vbox7/.tmp_out /root/pkglinux-pkgsrc/native/vbox7/.tmp_src.cc -I/pkg/include -L/pkg/lib  
/root/pkglinux-pkgsrc/native/vbox7/.tmp_src.cc:2:33: fatal error: libtpms/tpm_library.h: No such file or directory
 #include <libtpms/tpm_library.h>
                                 ^
compilation terminated.


***** Checking liblzma *****
compiling the following source file:
#include <cstdio>
#include <lzma.h>
extern "C" int main(void)
{
  lzma_stream strm = LZMA_STREAM_INIT;
  uint32_t preset;
  lzma_ret ret = lzma_easy_encoder(&strm, preset, LZMA_CHECK_CRC64);
  printf("found, OK.\n");
}
using the following command line:
g++  -fPIC -g -O -Wall -o /root/pkglinux-pkgsrc/native/vbox7/.tmp_out /root/pkglinux-pkgsrc/native/vbox7/.tmp_src.cc -I/pkg/include -L/pkg/lib -Wl,-R/2022Q2/lib -L/2022Q2/lib -llzma  -I/2022Q2/include
/root/pkglinux-pkgsrc/native/vbox7/.tmp_src.cc: In function 'int main()':
/root/pkglinux-pkgsrc/native/vbox7/.tmp_src.cc:7:12: warning: unused variable 'ret' [-Wunused-variable]
   lzma_ret ret = lzma_easy_encoder(&strm, preset, LZMA_CHECK_CRC64);
            ^~~
/root/pkglinux-pkgsrc/native/vbox7/.tmp_src.cc:7:67: warning: 'preset' is used uninitialized in this function [-Wuninitialized]
   lzma_ret ret = lzma_easy_encoder(&strm, preset, LZMA_CHECK_CRC64);
                                                                   ^
executing the binary
found, OK.


***** Checking libpng *****
compiling the following source file:
#include <cstdio>
#include <png.h>
extern "C" int main(void)
{
  printf("found version %s", PNG_LIBPNG_VER_STRING);
#if PNG_LIBPNG_VER >= 10205
  printf(", OK.\n");
  return 0;
#else
  printf(", expected version 1.2.5 or higher\n");
  return 1;
#endif
}
using the following command line:
g++  -fPIC -g -O -Wall -o /root/pkglinux-pkgsrc/native/vbox7/.tmp_out /root/pkglinux-pkgsrc/native/vbox7/.tmp_src.cc -I/pkg/include -L/pkg/lib -lpng16 
executing the binary
found version 1.6.37, OK.


***** Checking SDL *****
compiling the following source file:
#include <cstdio>
#include <SDL.h>
#include <SDL_main.h>
#undef main
extern "C" int main(int argc, char** argv)
{
  printf("found version %d.%d.%d",
         SDL_MAJOR_VERSION, SDL_MINOR_VERSION, SDL_PATCHLEVEL);
#if SDL_VERSION_ATLEAST(1,2,7)
  printf(", OK.\n");
  return 0;
#else
  printf(", expected version 1.2.7 or higher\n");
  return 1;
#endif
}
using the following command line:
g++  -fPIC -g -O -Wall -o /root/pkglinux-pkgsrc/native/vbox7/.tmp_out /root/pkglinux-pkgsrc/native/vbox7/.tmp_src.cc -I/pkg/include -L/pkg/lib -L/2022Q2/lib -Wl,-rpath,/2022Q2/lib -lSDL -lpthread  -I/2022Q2/include/SDL 
executing the binary
found version 1.2.15, OK.


***** Checking X libraries *****
compiling the following source file:
#include <cstdio>
#include <X11/Xlib.h>
extern "C" int main(void)
{
  Display *dpy;
  int scrn_num;
  Screen *scrn;
  Window win;

  dpy      = XOpenDisplay(NULL);
  scrn_num = DefaultScreen(dpy);
  scrn     = ScreenOfDisplay(dpy, scrn_num);
  win      = XCreateWindow(dpy, RootWindowOfScreen(scrn), 0, 0, 100, 100,
                           0, 16, InputOutput, CopyFromParent, 0, NULL);
  XDestroyWindow(dpy, win);
  XCloseDisplay(dpy);
}
using the following command line:
g++  -fPIC -g -O -Wall -o /root/pkglinux-pkgsrc/native/vbox7/.tmp_out /root/pkglinux-pkgsrc/native/vbox7/.tmp_src.cc -I/pkg/include -L/pkg/lib -L/usr/X11R6/lib -L/usr/X11R6/lib64 -L/pkg/lib -lXext -lX11 -I/pkg/include
found


***** Checking Xcursor *****
compiling the following source file:
#include <cstdio>
#include <X11/Xlib.h>
#include <X11/Xcursor/Xcursor.h>
extern "C" int main(void)
{
  XcursorImage *cursor = XcursorImageCreate (10, 10);
  XcursorImageDestroy(cursor);
  return 0;
}
using the following command line:
g++  -fPIC -g -O -Wall -o /root/pkglinux-pkgsrc/native/vbox7/.tmp_out /root/pkglinux-pkgsrc/native/vbox7/.tmp_src.cc -I/pkg/include -L/pkg/lib -L/usr/X11R6/lib -L/usr/X11R6/lib64 -L/pkg/lib -lXext -lX11 -lXcursor -I/pkg/include
found


***** Checking Xinerama *****
compiling the following source file:
#include <X11/Xlib.h>
#include <X11/extensions/Xinerama.h>
extern "C" int main(void)
{
  Display *dpy;
  Bool flag;
  dpy = XOpenDisplay(NULL);
  if (dpy)
  {
    flag = XineramaIsActive(dpy);
    XCloseDisplay(dpy);
  }
}
using the following command line:
g++  -fPIC -g -O -Wall -o /root/pkglinux-pkgsrc/native/vbox7/.tmp_out /root/pkglinux-pkgsrc/native/vbox7/.tmp_src.cc -I/pkg/include -L/pkg/lib -L/usr/X11R6/lib -L/usr/X11R6/lib64 -L/pkg/lib -lXext -lX11 -lXinerama -I/pkg/include
/root/pkglinux-pkgsrc/native/vbox7/.tmp_src.cc: In function 'int main()':
/root/pkglinux-pkgsrc/native/vbox7/.tmp_src.cc:6:8: warning: variable 'flag' set but not used [-Wunused-but-set-variable]
   Bool flag;
        ^~~~
found


***** Checking Xrandr *****
compiling the following source file:
#include <X11/Xlib.h>
#include <X11/extensions/Xrandr.h>
extern "C" int main(void)
{
  Display *dpy;
  Bool flag;
  int major, minor;
  dpy = XOpenDisplay(NULL);
  if (dpy)
  {
    flag = XRRQueryVersion(dpy, &major, &minor);
    XCloseDisplay(dpy);
  }
}
using the following command line:
g++  -fPIC -g -O -Wall -o /root/pkglinux-pkgsrc/native/vbox7/.tmp_out /root/pkglinux-pkgsrc/native/vbox7/.tmp_src.cc -I/pkg/include -L/pkg/lib -L/usr/X11R6/lib -L/usr/X11R6/lib64 -L/pkg/lib -lXext -lX11 -lXrandr -I/pkg/include
/root/pkglinux-pkgsrc/native/vbox7/.tmp_src.cc: In function 'int main()':
/root/pkglinux-pkgsrc/native/vbox7/.tmp_src.cc:6:8: warning: variable 'flag' set but not used [-Wunused-but-set-variable]
   Bool flag;
        ^~~~
found


***** Checking Xmu *****
compiling the following source file:
#include <cstdio>
#include <X11/Xatom.h>
#include <X11/Xlib.h>
#include <X11/Xutil.h>
#include <X11/Xmu/StdCmap.h>
extern "C" int main(void)
{
  Display *dpy;
  int scrn_num;
  Screen *scrn;

  dpy = XOpenDisplay(NULL);
  if (dpy)
  {
    scrn_num = DefaultScreen(dpy);
    scrn     = ScreenOfDisplay(dpy, scrn_num);
    Status status = XmuLookupStandardColormap(dpy, RootWindowOfScreen(scrn), 0,
                    24, XA_RGB_DEFAULT_MAP, False, True);
    printf("Status = %x\n", status);
    XCloseDisplay(dpy);
  }
  return 0;
}
using the following command line:
g++  -fPIC -g -O -Wall -o /root/pkglinux-pkgsrc/native/vbox7/.tmp_out /root/pkglinux-pkgsrc/native/vbox7/.tmp_src.cc -I/pkg/include -L/pkg/lib -L/usr/X11R6/lib -L/usr/X11R6/lib64 -L/pkg/lib -lXext -lX11 -lXmu -I/pkg/include
found


***** Checking Mesa / GLU *****
compiling the following source file:
#include <cstdio>
#include <X11/Xlib.h>
#include <GL/glx.h>
#include <GL/glu.h>
extern "C" int main(void)
{
  Display *dpy;
  int major, minor;

  dpy = XOpenDisplay(NULL);
  if (dpy)
  {
    Bool glx_version = glXQueryVersion(dpy, &major, &minor);
    XCloseDisplay(dpy);
    if (glx_version)
    {
      printf("found version %u.%u, OK.\n", major, minor);
      return 0;
    }
  }
  printf("found (inactive), OK.\n");
  return 0;
}
using the following command line:
g++  -fPIC -g -O -Wall -o /root/pkglinux-pkgsrc/native/vbox7/.tmp_out /root/pkglinux-pkgsrc/native/vbox7/.tmp_src.cc -I/pkg/include -L/pkg/lib -L/usr/X11R6/lib -L/usr/X11R6/lib64 -L/pkg/lib -lXext -lX11 -lGL -I/pkg/include
executing the binary
found (inactive), OK.


***** Checking Qt5 *****
(Qt5 from pkg-config)
compiling the following source file:
#include <QtGlobal>
extern "C" int main(void)
{
#if QT_VERSION >= 329984
  return 0;
#else
  return 1;
#endif
}
using the following command line:
g++  -fPIC -g -O -Wall -o /root/pkglinux-pkgsrc/native/vbox7/.tmp_out /root/pkglinux-pkgsrc/native/vbox7/.tmp_src.cc -I/pkg/include -L/pkg/lib -L/2022Q2/qt5/lib -L/2022Q2/qt5/lib -lQt5Gui -Wl,-R/2022Q2/qt5/lib -lQt5Core  -lpthread -DQT_CORE_LIB -I/2022Q2/qt5/include/QtCore -I/2022Q2/qt5/include  -std=c++11
-L/2022Q2/qt5/lib -L/2022Q2/qt5/lib -lQt5Gui -Wl,-R/2022Q2/qt5/lib -lQt5Core
executing the binary (LD_LIBRARY_PATH=/2022Q2/qt5/lib:/2022Q2/qt5/lib:/pkg/lib:/pkg/lib/nss:/pkg/lib/nspr)


compiling the following source file:
#include <cstdio>
#include <QtGlobal>
extern "C" int main(void)
{
  printf("found version %s", QT_VERSION_STR);
#if QT_VERSION >= 329984
  printf(", OK.\n");
  return 0;
#else
  printf(", expected version 5.9 or higher\\n");
  return 1;
#endif
}
using the following command line:
g++  -fPIC -g -O -Wall -o /root/pkglinux-pkgsrc/native/vbox7/.tmp_out /root/pkglinux-pkgsrc/native/vbox7/.tmp_src.cc -I/pkg/include -L/pkg/lib -L/2022Q2/qt5/lib -L/2022Q2/qt5/lib -lQt5Gui -Wl,-R/2022Q2/qt5/lib -lQt5Core  -lpthread -I/2022Q2/qt5/include/QtCore -I/2022Q2/qt5/include -DQT_CORE_LIB -I/2022Q2/qt5/include/QtCore -I/2022Q2/qt5/include  -std=c++11
-L/2022Q2/qt5/lib -L/2022Q2/qt5/lib -lQt5Gui -Wl,-R/2022Q2/qt5/lib -lQt5Core
executing the binary (LD_LIBRARY_PATH=/2022Q2/qt5/lib:/2022Q2/qt5/lib:/pkg/lib:/pkg/lib/nss:/pkg/lib/nspr)
found version 5.15.4, OK.


***** Checking Qt5 devtools *****
found version moc 5.15.4


***** Checking Python support *****
compiling the following source file:
#include <cstdio>
#include <Python.h>
extern "C" int main(void)
{
  Py_Initialize();
  printf("found version %s", PY_VERSION);
#if PY_VERSION_HEX >= 0x02060000
  printf(", OK.\n");
  return 0;
#else
  printf(", expected version 2.6 or higher\n");
  return 1;
#endif
}
using the following command line:
g++ -O -Wall -o /root/pkglinux-pkgsrc/native/vbox7/.tmp_out /root/pkglinux-pkgsrc/native/vbox7/.tmp_src.cc -I/usr/include/python2.7 /usr/lib/x86_64-linux-gnu/libpython2.7.so
g++: error: /usr/lib/x86_64-linux-gnu/libpython2.7.so: No such file or directory
compiling the following source file:
#include <cstdio>
#include <Python.h>
extern "C" int main(void)
{
  Py_Initialize();
  printf("found version %s", PY_VERSION);
#if PY_VERSION_HEX >= 0x02060000
  printf(", OK.\n");
  return 0;
#else
  printf(", expected version 2.6 or higher\n");
  return 1;
#endif
}
using the following command line:
g++ -O -Wall -o /root/pkglinux-pkgsrc/native/vbox7/.tmp_out /root/pkglinux-pkgsrc/native/vbox7/.tmp_src.cc -I/usr/include/python2.7 /usr/lib/i386-linux-gnu/libpython2.7.so
g++: error: /usr/lib/i386-linux-gnu/libpython2.7.so: No such file or directory
compiling the following source file:
#include <cstdio>
#include <Python.h>
extern "C" int main(void)
{
  Py_Initialize();
  printf("found version %s", PY_VERSION);
#if PY_VERSION_HEX >= 0x02060000
  printf(", OK.\n");
  return 0;
#else
  printf(", expected version 2.6 or higher\n");
  return 1;
#endif
}
using the following command line:
g++ -O -Wall -o /root/pkglinux-pkgsrc/native/vbox7/.tmp_out /root/pkglinux-pkgsrc/native/vbox7/.tmp_src.cc -I/usr/include/python2.7 /usr/lib64/libpython2.7.so
g++: error: /usr/lib64/libpython2.7.so: No such file or directory
compiling the following source file:
#include <cstdio>
#include <Python.h>
extern "C" int main(void)
{
  Py_Initialize();
  printf("found version %s", PY_VERSION);
#if PY_VERSION_HEX >= 0x02060000
  printf(", OK.\n");
  return 0;
#else
  printf(", expected version 2.6 or higher\n");
  return 1;
#endif
}
using the following command line:
g++ -O -Wall -o /root/pkglinux-pkgsrc/native/vbox7/.tmp_out /root/pkglinux-pkgsrc/native/vbox7/.tmp_src.cc -I/usr/include/python2.7 /usr/lib/64/libpython2.7.so
g++: error: /usr/lib/64/libpython2.7.so: No such file or directory
compiling the following source file:
#include <cstdio>
#include <Python.h>
extern "C" int main(void)
{
  Py_Initialize();
  printf("found version %s", PY_VERSION);
#if PY_VERSION_HEX >= 0x02060000
  printf(", OK.\n");
  return 0;
#else
  printf(", expected version 2.6 or higher\n");
  return 1;
#endif
}
using the following command line:
g++ -O -Wall -o /root/pkglinux-pkgsrc/native/vbox7/.tmp_out /root/pkglinux-pkgsrc/native/vbox7/.tmp_src.cc -I/usr/include/python2.7 /usr/lib/libpython2.7.so
g++: error: /usr/lib/libpython2.7.so: No such file or directory
compiling the following source file:
#include <cstdio>
#include <Python.h>
extern "C" int main(void)
{
  Py_Initialize();
  printf("found version %s", PY_VERSION);
#if PY_VERSION_HEX >= 0x02060000
  printf(", OK.\n");
  return 0;
#else
  printf(", expected version 2.6 or higher\n");
  return 1;
#endif
}
using the following command line:
g++ -O -Wall -o /root/pkglinux-pkgsrc/native/vbox7/.tmp_out /root/pkglinux-pkgsrc/native/vbox7/.tmp_src.cc -I/usr/include/python2.6 /usr/lib/x86_64-linux-gnu/libpython2.6.so
g++: error: /usr/lib/x86_64-linux-gnu/libpython2.6.so: No such file or directory
compiling the following source file:
#include <cstdio>
#include <Python.h>
extern "C" int main(void)
{
  Py_Initialize();
  printf("found version %s", PY_VERSION);
#if PY_VERSION_HEX >= 0x02060000
  printf(", OK.\n");
  return 0;
#else
  printf(", expected version 2.6 or higher\n");
  return 1;
#endif
}
using the following command line:
g++ -O -Wall -o /root/pkglinux-pkgsrc/native/vbox7/.tmp_out /root/pkglinux-pkgsrc/native/vbox7/.tmp_src.cc -I/usr/include/python2.6 /usr/lib/i386-linux-gnu/libpython2.6.so
g++: error: /usr/lib/i386-linux-gnu/libpython2.6.so: No such file or directory
compiling the following source file:
#include <cstdio>
#include <Python.h>
extern "C" int main(void)
{
  Py_Initialize();
  printf("found version %s", PY_VERSION);
#if PY_VERSION_HEX >= 0x02060000
  printf(", OK.\n");
  return 0;
#else
  printf(", expected version 2.6 or higher\n");
  return 1;
#endif
}
using the following command line:
g++ -O -Wall -o /root/pkglinux-pkgsrc/native/vbox7/.tmp_out /root/pkglinux-pkgsrc/native/vbox7/.tmp_src.cc -I/usr/include/python2.6 /usr/lib64/libpython2.6.so
g++: error: /usr/lib64/libpython2.6.so: No such file or directory
compiling the following source file:
#include <cstdio>
#include <Python.h>
extern "C" int main(void)
{
  Py_Initialize();
  printf("found version %s", PY_VERSION);
#if PY_VERSION_HEX >= 0x02060000
  printf(", OK.\n");
  return 0;
#else
  printf(", expected version 2.6 or higher\n");
  return 1;
#endif
}
using the following command line:
g++ -O -Wall -o /root/pkglinux-pkgsrc/native/vbox7/.tmp_out /root/pkglinux-pkgsrc/native/vbox7/.tmp_src.cc -I/usr/include/python2.6 /usr/lib/64/libpython2.6.so
g++: error: /usr/lib/64/libpython2.6.so: No such file or directory
compiling the following source file:
#include <cstdio>
#include <Python.h>
extern "C" int main(void)
{
  Py_Initialize();
  printf("found version %s", PY_VERSION);
#if PY_VERSION_HEX >= 0x02060000
  printf(", OK.\n");
  return 0;
#else
  printf(", expected version 2.6 or higher\n");
  return 1;
#endif
}
using the following command line:
g++ -O -Wall -o /root/pkglinux-pkgsrc/native/vbox7/.tmp_out /root/pkglinux-pkgsrc/native/vbox7/.tmp_src.cc -I/usr/include/python2.6 /usr/lib/libpython2.6.so
g++: error: /usr/lib/libpython2.6.so: No such file or directory
compiling the following source file:
#include <cstdio>
#include <Python.h>
extern "C" int main(void)
{
  Py_Initialize();
  printf("found version %s", PY_VERSION);
#if PY_VERSION_HEX >= 0x02060000
  printf(", OK.\n");
  return 0;
#else
  printf(", expected version 2.6 or higher\n");
  return 1;
#endif
}
using the following command line:
g++ -O -Wall -o /root/pkglinux-pkgsrc/native/vbox7/.tmp_out /root/pkglinux-pkgsrc/native/vbox7/.tmp_src.cc -I/usr/include/python3.1 /usr/lib/x86_64-linux-gnu/libpython3.1.so
g++: error: /usr/lib/x86_64-linux-gnu/libpython3.1.so: No such file or directory
compiling the following source file:
#include <cstdio>
#include <Python.h>
extern "C" int main(void)
{
  Py_Initialize();
  printf("found version %s", PY_VERSION);
#if PY_VERSION_HEX >= 0x02060000
  printf(", OK.\n");
  return 0;
#else
  printf(", expected version 2.6 or higher\n");
  return 1;
#endif
}
using the following command line:
g++ -O -Wall -o /root/pkglinux-pkgsrc/native/vbox7/.tmp_out /root/pkglinux-pkgsrc/native/vbox7/.tmp_src.cc -I/usr/include/python3.1 /usr/lib/i386-linux-gnu/libpython3.1.so
g++: error: /usr/lib/i386-linux-gnu/libpython3.1.so: No such file or directory
compiling the following source file:
#include <cstdio>
#include <Python.h>
extern "C" int main(void)
{
  Py_Initialize();
  printf("found version %s", PY_VERSION);
#if PY_VERSION_HEX >= 0x02060000
  printf(", OK.\n");
  return 0;
#else
  printf(", expected version 2.6 or higher\n");
  return 1;
#endif
}
using the following command line:
g++ -O -Wall -o /root/pkglinux-pkgsrc/native/vbox7/.tmp_out /root/pkglinux-pkgsrc/native/vbox7/.tmp_src.cc -I/usr/include/python3.1 /usr/lib64/libpython3.1.so
g++: error: /usr/lib64/libpython3.1.so: No such file or directory
compiling the following source file:
#include <cstdio>
#include <Python.h>
extern "C" int main(void)
{
  Py_Initialize();
  printf("found version %s", PY_VERSION);
#if PY_VERSION_HEX >= 0x02060000
  printf(", OK.\n");
  return 0;
#else
  printf(", expected version 2.6 or higher\n");
  return 1;
#endif
}
using the following command line:
g++ -O -Wall -o /root/pkglinux-pkgsrc/native/vbox7/.tmp_out /root/pkglinux-pkgsrc/native/vbox7/.tmp_src.cc -I/usr/include/python3.1 /usr/lib/64/libpython3.1.so
g++: error: /usr/lib/64/libpython3.1.so: No such file or directory
compiling the following source file:
#include <cstdio>
#include <Python.h>
extern "C" int main(void)
{
  Py_Initialize();
  printf("found version %s", PY_VERSION);
#if PY_VERSION_HEX >= 0x02060000
  printf(", OK.\n");
  return 0;
#else
  printf(", expected version 2.6 or higher\n");
  return 1;
#endif
}
using the following command line:
g++ -O -Wall -o /root/pkglinux-pkgsrc/native/vbox7/.tmp_out /root/pkglinux-pkgsrc/native/vbox7/.tmp_src.cc -I/usr/include/python3.1 /usr/lib/libpython3.1.so
g++: error: /usr/lib/libpython3.1.so: No such file or directory
compiling the following source file:
#include <cstdio>
#include <Python.h>
extern "C" int main(void)
{
  Py_Initialize();
  printf("found version %s", PY_VERSION);
#if PY_VERSION_HEX >= 0x02060000
  printf(", OK.\n");
  return 0;
#else
  printf(", expected version 2.6 or higher\n");
  return 1;
#endif
}
using the following command line:
g++ -O -Wall -o /root/pkglinux-pkgsrc/native/vbox7/.tmp_out /root/pkglinux-pkgsrc/native/vbox7/.tmp_src.cc -I/usr/include/python3.2 /usr/lib/x86_64-linux-gnu/libpython3.2.so
g++: error: /usr/lib/x86_64-linux-gnu/libpython3.2.so: No such file or directory
compiling the following source file:
#include <cstdio>
#include <Python.h>
extern "C" int main(void)
{
  Py_Initialize();
  printf("found version %s", PY_VERSION);
#if PY_VERSION_HEX >= 0x02060000
  printf(", OK.\n");
  return 0;
#else
  printf(", expected version 2.6 or higher\n");
  return 1;
#endif
}
using the following command line:
g++ -O -Wall -o /root/pkglinux-pkgsrc/native/vbox7/.tmp_out /root/pkglinux-pkgsrc/native/vbox7/.tmp_src.cc -I/usr/include/python3.2 /usr/lib/i386-linux-gnu/libpython3.2.so
g++: error: /usr/lib/i386-linux-gnu/libpython3.2.so: No such file or directory
compiling the following source file:
#include <cstdio>
#include <Python.h>
extern "C" int main(void)
{
  Py_Initialize();
  printf("found version %s", PY_VERSION);
#if PY_VERSION_HEX >= 0x02060000
  printf(", OK.\n");
  return 0;
#else
  printf(", expected version 2.6 or higher\n");
  return 1;
#endif
}
using the following command line:
g++ -O -Wall -o /root/pkglinux-pkgsrc/native/vbox7/.tmp_out /root/pkglinux-pkgsrc/native/vbox7/.tmp_src.cc -I/usr/include/python3.2 /usr/lib64/libpython3.2.so
g++: error: /usr/lib64/libpython3.2.so: No such file or directory
compiling the following source file:
#include <cstdio>
#include <Python.h>
extern "C" int main(void)
{
  Py_Initialize();
  printf("found version %s", PY_VERSION);
#if PY_VERSION_HEX >= 0x02060000
  printf(", OK.\n");
  return 0;
#else
  printf(", expected version 2.6 or higher\n");
  return 1;
#endif
}
using the following command line:
g++ -O -Wall -o /root/pkglinux-pkgsrc/native/vbox7/.tmp_out /root/pkglinux-pkgsrc/native/vbox7/.tmp_src.cc -I/usr/include/python3.2 /usr/lib/64/libpython3.2.so
g++: error: /usr/lib/64/libpython3.2.so: No such file or directory
compiling the following source file:
#include <cstdio>
#include <Python.h>
extern "C" int main(void)
{
  Py_Initialize();
  printf("found version %s", PY_VERSION);
#if PY_VERSION_HEX >= 0x02060000
  printf(", OK.\n");
  return 0;
#else
  printf(", expected version 2.6 or higher\n");
  return 1;
#endif
}
using the following command line:
g++ -O -Wall -o /root/pkglinux-pkgsrc/native/vbox7/.tmp_out /root/pkglinux-pkgsrc/native/vbox7/.tmp_src.cc -I/usr/include/python3.2 /usr/lib/libpython3.2.so
g++: error: /usr/lib/libpython3.2.so: No such file or directory
compiling the following source file:
#include <cstdio>
#include <Python.h>
extern "C" int main(void)
{
  Py_Initialize();
  printf("found version %s", PY_VERSION);
#if PY_VERSION_HEX >= 0x02060000
  printf(", OK.\n");
  return 0;
#else
  printf(", expected version 2.6 or higher\n");
  return 1;
#endif
}
using the following command line:
g++ -O -Wall -o /root/pkglinux-pkgsrc/native/vbox7/.tmp_out /root/pkglinux-pkgsrc/native/vbox7/.tmp_src.cc -I/usr/include/python3.3 /usr/lib/x86_64-linux-gnu/libpython3.3.so
g++: error: /usr/lib/x86_64-linux-gnu/libpython3.3.so: No such file or directory
compiling the following source file:
#include <cstdio>
#include <Python.h>
extern "C" int main(void)
{
  Py_Initialize();
  printf("found version %s", PY_VERSION);
#if PY_VERSION_HEX >= 0x02060000
  printf(", OK.\n");
  return 0;
#else
  printf(", expected version 2.6 or higher\n");
  return 1;
#endif
}
using the following command line:
g++ -O -Wall -o /root/pkglinux-pkgsrc/native/vbox7/.tmp_out /root/pkglinux-pkgsrc/native/vbox7/.tmp_src.cc -I/usr/include/python3.3 /usr/lib/i386-linux-gnu/libpython3.3.so
g++: error: /usr/lib/i386-linux-gnu/libpython3.3.so: No such file or directory
compiling the following source file:
#include <cstdio>
#include <Python.h>
extern "C" int main(void)
{
  Py_Initialize();
  printf("found version %s", PY_VERSION);
#if PY_VERSION_HEX >= 0x02060000
  printf(", OK.\n");
  return 0;
#else
  printf(", expected version 2.6 or higher\n");
  return 1;
#endif
}
using the following command line:
g++ -O -Wall -o /root/pkglinux-pkgsrc/native/vbox7/.tmp_out /root/pkglinux-pkgsrc/native/vbox7/.tmp_src.cc -I/usr/include/python3.3 /usr/lib64/libpython3.3.so
g++: error: /usr/lib64/libpython3.3.so: No such file or directory
compiling the following source file:
#include <cstdio>
#include <Python.h>
extern "C" int main(void)
{
  Py_Initialize();
  printf("found version %s", PY_VERSION);
#if PY_VERSION_HEX >= 0x02060000
  printf(", OK.\n");
  return 0;
#else
  printf(", expected version 2.6 or higher\n");
  return 1;
#endif
}
using the following command line:
g++ -O -Wall -o /root/pkglinux-pkgsrc/native/vbox7/.tmp_out /root/pkglinux-pkgsrc/native/vbox7/.tmp_src.cc -I/usr/include/python3.3 /usr/lib/64/libpython3.3.so
g++: error: /usr/lib/64/libpython3.3.so: No such file or directory
compiling the following source file:
#include <cstdio>
#include <Python.h>
extern "C" int main(void)
{
  Py_Initialize();
  printf("found version %s", PY_VERSION);
#if PY_VERSION_HEX >= 0x02060000
  printf(", OK.\n");
  return 0;
#else
  printf(", expected version 2.6 or higher\n");
  return 1;
#endif
}
using the following command line:
g++ -O -Wall -o /root/pkglinux-pkgsrc/native/vbox7/.tmp_out /root/pkglinux-pkgsrc/native/vbox7/.tmp_src.cc -I/usr/include/python3.3 /usr/lib/libpython3.3.so
g++: error: /usr/lib/libpython3.3.so: No such file or directory
compiling the following source file:
#include <cstdio>
#include <Python.h>
extern "C" int main(void)
{
  Py_Initialize();
  printf("found version %s", PY_VERSION);
#if PY_VERSION_HEX >= 0x02060000
  printf(", OK.\n");
  return 0;
#else
  printf(", expected version 2.6 or higher\n");
  return 1;
#endif
}
using the following command line:
g++ -O -Wall -o /root/pkglinux-pkgsrc/native/vbox7/.tmp_out /root/pkglinux-pkgsrc/native/vbox7/.tmp_src.cc -I/usr/include/python3.4 /usr/lib/x86_64-linux-gnu/libpython3.4.so
g++: error: /usr/lib/x86_64-linux-gnu/libpython3.4.so: No such file or directory
compiling the following source file:
#include <cstdio>
#include <Python.h>
extern "C" int main(void)
{
  Py_Initialize();
  printf("found version %s", PY_VERSION);
#if PY_VERSION_HEX >= 0x02060000
  printf(", OK.\n");
  return 0;
#else
  printf(", expected version 2.6 or higher\n");
  return 1;
#endif
}
using the following command line:
g++ -O -Wall -o /root/pkglinux-pkgsrc/native/vbox7/.tmp_out /root/pkglinux-pkgsrc/native/vbox7/.tmp_src.cc -I/usr/include/python3.4 /usr/lib/i386-linux-gnu/libpython3.4.so
g++: error: /usr/lib/i386-linux-gnu/libpython3.4.so: No such file or directory
compiling the following source file:
#include <cstdio>
#include <Python.h>
extern "C" int main(void)
{
  Py_Initialize();
  printf("found version %s", PY_VERSION);
#if PY_VERSION_HEX >= 0x02060000
  printf(", OK.\n");
  return 0;
#else
  printf(", expected version 2.6 or higher\n");
  return 1;
#endif
}
using the following command line:
g++ -O -Wall -o /root/pkglinux-pkgsrc/native/vbox7/.tmp_out /root/pkglinux-pkgsrc/native/vbox7/.tmp_src.cc -I/usr/include/python3.4 /usr/lib64/libpython3.4.so
g++: error: /usr/lib64/libpython3.4.so: No such file or directory
compiling the following source file:
#include <cstdio>
#include <Python.h>
extern "C" int main(void)
{
  Py_Initialize();
  printf("found version %s", PY_VERSION);
#if PY_VERSION_HEX >= 0x02060000
  printf(", OK.\n");
  return 0;
#else
  printf(", expected version 2.6 or higher\n");
  return 1;
#endif
}
using the following command line:
g++ -O -Wall -o /root/pkglinux-pkgsrc/native/vbox7/.tmp_out /root/pkglinux-pkgsrc/native/vbox7/.tmp_src.cc -I/usr/include/python3.4 /usr/lib/64/libpython3.4.so
g++: error: /usr/lib/64/libpython3.4.so: No such file or directory
compiling the following source file:
#include <cstdio>
#include <Python.h>
extern "C" int main(void)
{
  Py_Initialize();
  printf("found version %s", PY_VERSION);
#if PY_VERSION_HEX >= 0x02060000
  printf(", OK.\n");
  return 0;
#else
  printf(", expected version 2.6 or higher\n");
  return 1;
#endif
}
using the following command line:
g++ -O -Wall -o /root/pkglinux-pkgsrc/native/vbox7/.tmp_out /root/pkglinux-pkgsrc/native/vbox7/.tmp_src.cc -I/usr/include/python3.4 /usr/lib/libpython3.4.so
g++: error: /usr/lib/libpython3.4.so: No such file or directory
compiling the following source file:
#include <cstdio>
#include <Python.h>
extern "C" int main(void)
{
  Py_Initialize();
  printf("found version %s", PY_VERSION);
#if PY_VERSION_HEX >= 0x02060000
  printf(", OK.\n");
  return 0;
#else
  printf(", expected version 2.6 or higher\n");
  return 1;
#endif
}
using the following command line:
g++ -O -Wall -o /root/pkglinux-pkgsrc/native/vbox7/.tmp_out /root/pkglinux-pkgsrc/native/vbox7/.tmp_src.cc -I/usr/include/python3.4m /usr/lib/x86_64-linux-gnu/libpython3.4m.so
g++: error: /usr/lib/x86_64-linux-gnu/libpython3.4m.so: No such file or directory
compiling the following source file:
#include <cstdio>
#include <Python.h>
extern "C" int main(void)
{
  Py_Initialize();
  printf("found version %s", PY_VERSION);
#if PY_VERSION_HEX >= 0x02060000
  printf(", OK.\n");
  return 0;
#else
  printf(", expected version 2.6 or higher\n");
  return 1;
#endif
}
using the following command line:
g++ -O -Wall -o /root/pkglinux-pkgsrc/native/vbox7/.tmp_out /root/pkglinux-pkgsrc/native/vbox7/.tmp_src.cc -I/usr/include/python3.4m /usr/lib/i386-linux-gnu/libpython3.4m.so
g++: error: /usr/lib/i386-linux-gnu/libpython3.4m.so: No such file or directory
compiling the following source file:
#include <cstdio>
#include <Python.h>
extern "C" int main(void)
{
  Py_Initialize();
  printf("found version %s", PY_VERSION);
#if PY_VERSION_HEX >= 0x02060000
  printf(", OK.\n");
  return 0;
#else
  printf(", expected version 2.6 or higher\n");
  return 1;
#endif
}
using the following command line:
g++ -O -Wall -o /root/pkglinux-pkgsrc/native/vbox7/.tmp_out /root/pkglinux-pkgsrc/native/vbox7/.tmp_src.cc -I/usr/include/python3.4m /usr/lib64/libpython3.4m.so
g++: error: /usr/lib64/libpython3.4m.so: No such file or directory
compiling the following source file:
#include <cstdio>
#include <Python.h>
extern "C" int main(void)
{
  Py_Initialize();
  printf("found version %s", PY_VERSION);
#if PY_VERSION_HEX >= 0x02060000
  printf(", OK.\n");
  return 0;
#else
  printf(", expected version 2.6 or higher\n");
  return 1;
#endif
}
using the following command line:
g++ -O -Wall -o /root/pkglinux-pkgsrc/native/vbox7/.tmp_out /root/pkglinux-pkgsrc/native/vbox7/.tmp_src.cc -I/usr/include/python3.4m /usr/lib/64/libpython3.4m.so
g++: error: /usr/lib/64/libpython3.4m.so: No such file or directory
compiling the following source file:
#include <cstdio>
#include <Python.h>
extern "C" int main(void)
{
  Py_Initialize();
  printf("found version %s", PY_VERSION);
#if PY_VERSION_HEX >= 0x02060000
  printf(", OK.\n");
  return 0;
#else
  printf(", expected version 2.6 or higher\n");
  return 1;
#endif
}
using the following command line:
g++ -O -Wall -o /root/pkglinux-pkgsrc/native/vbox7/.tmp_out /root/pkglinux-pkgsrc/native/vbox7/.tmp_src.cc -I/usr/include/python3.4m /usr/lib/libpython3.4m.so
g++: error: /usr/lib/libpython3.4m.so: No such file or directory
compiling the following source file:
#include <cstdio>
#include <Python.h>
extern "C" int main(void)
{
  Py_Initialize();
  printf("found version %s", PY_VERSION);
#if PY_VERSION_HEX >= 0x02060000
  printf(", OK.\n");
  return 0;
#else
  printf(", expected version 2.6 or higher\n");
  return 1;
#endif
}
using the following command line:
g++ -O -Wall -o /root/pkglinux-pkgsrc/native/vbox7/.tmp_out /root/pkglinux-pkgsrc/native/vbox7/.tmp_src.cc -I/usr/include/python3.5 /usr/lib/x86_64-linux-gnu/libpython3.5.so
g++: error: /usr/lib/x86_64-linux-gnu/libpython3.5.so: No such file or directory
compiling the following source file:
#include <cstdio>
#include <Python.h>
extern "C" int main(void)
{
  Py_Initialize();
  printf("found version %s", PY_VERSION);
#if PY_VERSION_HEX >= 0x02060000
  printf(", OK.\n");
  return 0;
#else
  printf(", expected version 2.6 or higher\n");
  return 1;
#endif
}
using the following command line:
g++ -O -Wall -o /root/pkglinux-pkgsrc/native/vbox7/.tmp_out /root/pkglinux-pkgsrc/native/vbox7/.tmp_src.cc -I/usr/include/python3.5 /usr/lib/i386-linux-gnu/libpython3.5.so
g++: error: /usr/lib/i386-linux-gnu/libpython3.5.so: No such file or directory
compiling the following source file:
#include <cstdio>
#include <Python.h>
extern "C" int main(void)
{
  Py_Initialize();
  printf("found version %s", PY_VERSION);
#if PY_VERSION_HEX >= 0x02060000
  printf(", OK.\n");
  return 0;
#else
  printf(", expected version 2.6 or higher\n");
  return 1;
#endif
}
using the following command line:
g++ -O -Wall -o /root/pkglinux-pkgsrc/native/vbox7/.tmp_out /root/pkglinux-pkgsrc/native/vbox7/.tmp_src.cc -I/usr/include/python3.5 /usr/lib64/libpython3.5.so
g++: error: /usr/lib64/libpython3.5.so: No such file or directory
compiling the following source file:
#include <cstdio>
#include <Python.h>
extern "C" int main(void)
{
  Py_Initialize();
  printf("found version %s", PY_VERSION);
#if PY_VERSION_HEX >= 0x02060000
  printf(", OK.\n");
  return 0;
#else
  printf(", expected version 2.6 or higher\n");
  return 1;
#endif
}
using the following command line:
g++ -O -Wall -o /root/pkglinux-pkgsrc/native/vbox7/.tmp_out /root/pkglinux-pkgsrc/native/vbox7/.tmp_src.cc -I/usr/include/python3.5 /usr/lib/64/libpython3.5.so
g++: error: /usr/lib/64/libpython3.5.so: No such file or directory
compiling the following source file:
#include <cstdio>
#include <Python.h>
extern "C" int main(void)
{
  Py_Initialize();
  printf("found version %s", PY_VERSION);
#if PY_VERSION_HEX >= 0x02060000
  printf(", OK.\n");
  return 0;
#else
  printf(", expected version 2.6 or higher\n");
  return 1;
#endif
}
using the following command line:
g++ -O -Wall -o /root/pkglinux-pkgsrc/native/vbox7/.tmp_out /root/pkglinux-pkgsrc/native/vbox7/.tmp_src.cc -I/usr/include/python3.5 /usr/lib/libpython3.5.so
g++: error: /usr/lib/libpython3.5.so: No such file or directory
compiling the following source file:
#include <cstdio>
#include <Python.h>
extern "C" int main(void)
{
  Py_Initialize();
  printf("found version %s", PY_VERSION);
#if PY_VERSION_HEX >= 0x02060000
  printf(", OK.\n");
  return 0;
#else
  printf(", expected version 2.6 or higher\n");
  return 1;
#endif
}
using the following command line:
g++ -O -Wall -o /root/pkglinux-pkgsrc/native/vbox7/.tmp_out /root/pkglinux-pkgsrc/native/vbox7/.tmp_src.cc -I/usr/include/python3.5m /usr/lib/x86_64-linux-gnu/libpython3.5m.so
g++: error: /usr/lib/x86_64-linux-gnu/libpython3.5m.so: No such file or directory
compiling the following source file:
#include <cstdio>
#include <Python.h>
extern "C" int main(void)
{
  Py_Initialize();
  printf("found version %s", PY_VERSION);
#if PY_VERSION_HEX >= 0x02060000
  printf(", OK.\n");
  return 0;
#else
  printf(", expected version 2.6 or higher\n");
  return 1;
#endif
}
using the following command line:
g++ -O -Wall -o /root/pkglinux-pkgsrc/native/vbox7/.tmp_out /root/pkglinux-pkgsrc/native/vbox7/.tmp_src.cc -I/usr/include/python3.5m /usr/lib/i386-linux-gnu/libpython3.5m.so
g++: error: /usr/lib/i386-linux-gnu/libpython3.5m.so: No such file or directory
compiling the following source file:
#include <cstdio>
#include <Python.h>
extern "C" int main(void)
{
  Py_Initialize();
  printf("found version %s", PY_VERSION);
#if PY_VERSION_HEX >= 0x02060000
  printf(", OK.\n");
  return 0;
#else
  printf(", expected version 2.6 or higher\n");
  return 1;
#endif
}
using the following command line:
g++ -O -Wall -o /root/pkglinux-pkgsrc/native/vbox7/.tmp_out /root/pkglinux-pkgsrc/native/vbox7/.tmp_src.cc -I/usr/include/python3.5m /usr/lib64/libpython3.5m.so
g++: error: /usr/lib64/libpython3.5m.so: No such file or directory
compiling the following source file:
#include <cstdio>
#include <Python.h>
extern "C" int main(void)
{
  Py_Initialize();
  printf("found version %s", PY_VERSION);
#if PY_VERSION_HEX >= 0x02060000
  printf(", OK.\n");
  return 0;
#else
  printf(", expected version 2.6 or higher\n");
  return 1;
#endif
}
using the following command line:
g++ -O -Wall -o /root/pkglinux-pkgsrc/native/vbox7/.tmp_out /root/pkglinux-pkgsrc/native/vbox7/.tmp_src.cc -I/usr/include/python3.5m /usr/lib/64/libpython3.5m.so
g++: error: /usr/lib/64/libpython3.5m.so: No such file or directory
compiling the following source file:
#include <cstdio>
#include <Python.h>
extern "C" int main(void)
{
  Py_Initialize();
  printf("found version %s", PY_VERSION);
#if PY_VERSION_HEX >= 0x02060000
  printf(", OK.\n");
  return 0;
#else
  printf(", expected version 2.6 or higher\n");
  return 1;
#endif
}
using the following command line:
g++ -O -Wall -o /root/pkglinux-pkgsrc/native/vbox7/.tmp_out /root/pkglinux-pkgsrc/native/vbox7/.tmp_src.cc -I/usr/include/python3.5m /usr/lib/libpython3.5m.so
g++: error: /usr/lib/libpython3.5m.so: No such file or directory
compiling the following source file:
#include <cstdio>
#include <Python.h>
extern "C" int main(void)
{
  Py_Initialize();
  printf("found version %s", PY_VERSION);
#if PY_VERSION_HEX >= 0x02060000
  printf(", OK.\n");
  return 0;
#else
  printf(", expected version 2.6 or higher\n");
  return 1;
#endif
}
using the following command line:
g++ -O -Wall -o /root/pkglinux-pkgsrc/native/vbox7/.tmp_out /root/pkglinux-pkgsrc/native/vbox7/.tmp_src.cc -I/usr/include/python3.6 /usr/lib/x86_64-linux-gnu/libpython3.6.so
g++: error: /usr/lib/x86_64-linux-gnu/libpython3.6.so: No such file or directory
compiling the following source file:
#include <cstdio>
#include <Python.h>
extern "C" int main(void)
{
  Py_Initialize();
  printf("found version %s", PY_VERSION);
#if PY_VERSION_HEX >= 0x02060000
  printf(", OK.\n");
  return 0;
#else
  printf(", expected version 2.6 or higher\n");
  return 1;
#endif
}
using the following command line:
g++ -O -Wall -o /root/pkglinux-pkgsrc/native/vbox7/.tmp_out /root/pkglinux-pkgsrc/native/vbox7/.tmp_src.cc -I/usr/include/python3.6 /usr/lib/i386-linux-gnu/libpython3.6.so
g++: error: /usr/lib/i386-linux-gnu/libpython3.6.so: No such file or directory
compiling the following source file:
#include <cstdio>
#include <Python.h>
extern "C" int main(void)
{
  Py_Initialize();
  printf("found version %s", PY_VERSION);
#if PY_VERSION_HEX >= 0x02060000
  printf(", OK.\n");
  return 0;
#else
  printf(", expected version 2.6 or higher\n");
  return 1;
#endif
}
using the following command line:
g++ -O -Wall -o /root/pkglinux-pkgsrc/native/vbox7/.tmp_out /root/pkglinux-pkgsrc/native/vbox7/.tmp_src.cc -I/usr/include/python3.6 /usr/lib64/libpython3.6.so
g++: error: /usr/lib64/libpython3.6.so: No such file or directory
compiling the following source file:
#include <cstdio>
#include <Python.h>
extern "C" int main(void)
{
  Py_Initialize();
  printf("found version %s", PY_VERSION);
#if PY_VERSION_HEX >= 0x02060000
  printf(", OK.\n");
  return 0;
#else
  printf(", expected version 2.6 or higher\n");
  return 1;
#endif
}
using the following command line:
g++ -O -Wall -o /root/pkglinux-pkgsrc/native/vbox7/.tmp_out /root/pkglinux-pkgsrc/native/vbox7/.tmp_src.cc -I/usr/include/python3.6 /usr/lib/64/libpython3.6.so
g++: error: /usr/lib/64/libpython3.6.so: No such file or directory
compiling the following source file:
#include <cstdio>
#include <Python.h>
extern "C" int main(void)
{
  Py_Initialize();
  printf("found version %s", PY_VERSION);
#if PY_VERSION_HEX >= 0x02060000
  printf(", OK.\n");
  return 0;
#else
  printf(", expected version 2.6 or higher\n");
  return 1;
#endif
}
using the following command line:
g++ -O -Wall -o /root/pkglinux-pkgsrc/native/vbox7/.tmp_out /root/pkglinux-pkgsrc/native/vbox7/.tmp_src.cc -I/usr/include/python3.6 /usr/lib/libpython3.6.so
g++: error: /usr/lib/libpython3.6.so: No such file or directory
compiling the following source file:
#include <cstdio>
#include <Python.h>
extern "C" int main(void)
{
  Py_Initialize();
  printf("found version %s", PY_VERSION);
#if PY_VERSION_HEX >= 0x02060000
  printf(", OK.\n");
  return 0;
#else
  printf(", expected version 2.6 or higher\n");
  return 1;
#endif
}
using the following command line:
g++ -O -Wall -o /root/pkglinux-pkgsrc/native/vbox7/.tmp_out /root/pkglinux-pkgsrc/native/vbox7/.tmp_src.cc -I/usr/include/python3.6m /usr/lib/x86_64-linux-gnu/libpython3.6m.so
g++: error: /usr/lib/x86_64-linux-gnu/libpython3.6m.so: No such file or directory
compiling the following source file:
#include <cstdio>
#include <Python.h>
extern "C" int main(void)
{
  Py_Initialize();
  printf("found version %s", PY_VERSION);
#if PY_VERSION_HEX >= 0x02060000
  printf(", OK.\n");
  return 0;
#else
  printf(", expected version 2.6 or higher\n");
  return 1;
#endif
}
using the following command line:
g++ -O -Wall -o /root/pkglinux-pkgsrc/native/vbox7/.tmp_out /root/pkglinux-pkgsrc/native/vbox7/.tmp_src.cc -I/usr/include/python3.6m /usr/lib/i386-linux-gnu/libpython3.6m.so
g++: error: /usr/lib/i386-linux-gnu/libpython3.6m.so: No such file or directory
compiling the following source file:
#include <cstdio>
#include <Python.h>
extern "C" int main(void)
{
  Py_Initialize();
  printf("found version %s", PY_VERSION);
#if PY_VERSION_HEX >= 0x02060000
  printf(", OK.\n");
  return 0;
#else
  printf(", expected version 2.6 or higher\n");
  return 1;
#endif
}
using the following command line:
g++ -O -Wall -o /root/pkglinux-pkgsrc/native/vbox7/.tmp_out /root/pkglinux-pkgsrc/native/vbox7/.tmp_src.cc -I/usr/include/python3.6m /usr/lib64/libpython3.6m.so
g++: error: /usr/lib64/libpython3.6m.so: No such file or directory
compiling the following source file:
#include <cstdio>
#include <Python.h>
extern "C" int main(void)
{
  Py_Initialize();
  printf("found version %s", PY_VERSION);
#if PY_VERSION_HEX >= 0x02060000
  printf(", OK.\n");
  return 0;
#else
  printf(", expected version 2.6 or higher\n");
  return 1;
#endif
}
using the following command line:
g++ -O -Wall -o /root/pkglinux-pkgsrc/native/vbox7/.tmp_out /root/pkglinux-pkgsrc/native/vbox7/.tmp_src.cc -I/usr/include/python3.6m /usr/lib/64/libpython3.6m.so
g++: error: /usr/lib/64/libpython3.6m.so: No such file or directory
compiling the following source file:
#include <cstdio>
#include <Python.h>
extern "C" int main(void)
{
  Py_Initialize();
  printf("found version %s", PY_VERSION);
#if PY_VERSION_HEX >= 0x02060000
  printf(", OK.\n");
  return 0;
#else
  printf(", expected version 2.6 or higher\n");
  return 1;
#endif
}
using the following command line:
g++ -O -Wall -o /root/pkglinux-pkgsrc/native/vbox7/.tmp_out /root/pkglinux-pkgsrc/native/vbox7/.tmp_src.cc -I/usr/include/python3.6m /usr/lib/libpython3.6m.so
g++: error: /usr/lib/libpython3.6m.so: No such file or directory
compiling the following source file:
#include <cstdio>
#include <Python.h>
extern "C" int main(void)
{
  Py_Initialize();
  printf("found version %s", PY_VERSION);
#if PY_VERSION_HEX >= 0x02060000
  printf(", OK.\n");
  return 0;
#else
  printf(", expected version 2.6 or higher\n");
  return 1;
#endif
}
using the following command line:
g++ -O -Wall -o /root/pkglinux-pkgsrc/native/vbox7/.tmp_out /root/pkglinux-pkgsrc/native/vbox7/.tmp_src.cc -I/usr/include/python3.7 /usr/lib/x86_64-linux-gnu/libpython3.7.so
g++: error: /usr/lib/x86_64-linux-gnu/libpython3.7.so: No such file or directory
compiling the following source file:
#include <cstdio>
#include <Python.h>
extern "C" int main(void)
{
  Py_Initialize();
  printf("found version %s", PY_VERSION);
#if PY_VERSION_HEX >= 0x02060000
  printf(", OK.\n");
  return 0;
#else
  printf(", expected version 2.6 or higher\n");
  return 1;
#endif
}
using the following command line:
g++ -O -Wall -o /root/pkglinux-pkgsrc/native/vbox7/.tmp_out /root/pkglinux-pkgsrc/native/vbox7/.tmp_src.cc -I/usr/include/python3.7 /usr/lib/i386-linux-gnu/libpython3.7.so
g++: error: /usr/lib/i386-linux-gnu/libpython3.7.so: No such file or directory
compiling the following source file:
#include <cstdio>
#include <Python.h>
extern "C" int main(void)
{
  Py_Initialize();
  printf("found version %s", PY_VERSION);
#if PY_VERSION_HEX >= 0x02060000
  printf(", OK.\n");
  return 0;
#else
  printf(", expected version 2.6 or higher\n");
  return 1;
#endif
}
using the following command line:
g++ -O -Wall -o /root/pkglinux-pkgsrc/native/vbox7/.tmp_out /root/pkglinux-pkgsrc/native/vbox7/.tmp_src.cc -I/usr/include/python3.7 /usr/lib64/libpython3.7.so
g++: error: /usr/lib64/libpython3.7.so: No such file or directory
compiling the following source file:
#include <cstdio>
#include <Python.h>
extern "C" int main(void)
{
  Py_Initialize();
  printf("found version %s", PY_VERSION);
#if PY_VERSION_HEX >= 0x02060000
  printf(", OK.\n");
  return 0;
#else
  printf(", expected version 2.6 or higher\n");
  return 1;
#endif
}
using the following command line:
g++ -O -Wall -o /root/pkglinux-pkgsrc/native/vbox7/.tmp_out /root/pkglinux-pkgsrc/native/vbox7/.tmp_src.cc -I/usr/include/python3.7 /usr/lib/64/libpython3.7.so
g++: error: /usr/lib/64/libpython3.7.so: No such file or directory
compiling the following source file:
#include <cstdio>
#include <Python.h>
extern "C" int main(void)
{
  Py_Initialize();
  printf("found version %s", PY_VERSION);
#if PY_VERSION_HEX >= 0x02060000
  printf(", OK.\n");
  return 0;
#else
  printf(", expected version 2.6 or higher\n");
  return 1;
#endif
}
using the following command line:
g++ -O -Wall -o /root/pkglinux-pkgsrc/native/vbox7/.tmp_out /root/pkglinux-pkgsrc/native/vbox7/.tmp_src.cc -I/usr/include/python3.7 /usr/lib/libpython3.7.so
g++: error: /usr/lib/libpython3.7.so: No such file or directory
compiling the following source file:
#include <cstdio>
#include <Python.h>
extern "C" int main(void)
{
  Py_Initialize();
  printf("found version %s", PY_VERSION);
#if PY_VERSION_HEX >= 0x02060000
  printf(", OK.\n");
  return 0;
#else
  printf(", expected version 2.6 or higher\n");
  return 1;
#endif
}
using the following command line:
g++ -O -Wall -o /root/pkglinux-pkgsrc/native/vbox7/.tmp_out /root/pkglinux-pkgsrc/native/vbox7/.tmp_src.cc -I/usr/include/python3.7m /usr/lib/x86_64-linux-gnu/libpython3.7m.so
g++: error: /usr/lib/x86_64-linux-gnu/libpython3.7m.so: No such file or directory
compiling the following source file:
#include <cstdio>
#include <Python.h>
extern "C" int main(void)
{
  Py_Initialize();
  printf("found version %s", PY_VERSION);
#if PY_VERSION_HEX >= 0x02060000
  printf(", OK.\n");
  return 0;
#else
  printf(", expected version 2.6 or higher\n");
  return 1;
#endif
}
using the following command line:
g++ -O -Wall -o /root/pkglinux-pkgsrc/native/vbox7/.tmp_out /root/pkglinux-pkgsrc/native/vbox7/.tmp_src.cc -I/usr/include/python3.7m /usr/lib/i386-linux-gnu/libpython3.7m.so
g++: error: /usr/lib/i386-linux-gnu/libpython3.7m.so: No such file or directory
compiling the following source file:
#include <cstdio>
#include <Python.h>
extern "C" int main(void)
{
  Py_Initialize();
  printf("found version %s", PY_VERSION);
#if PY_VERSION_HEX >= 0x02060000
  printf(", OK.\n");
  return 0;
#else
  printf(", expected version 2.6 or higher\n");
  return 1;
#endif
}
using the following command line:
g++ -O -Wall -o /root/pkglinux-pkgsrc/native/vbox7/.tmp_out /root/pkglinux-pkgsrc/native/vbox7/.tmp_src.cc -I/usr/include/python3.7m /usr/lib64/libpython3.7m.so
g++: error: /usr/lib64/libpython3.7m.so: No such file or directory
compiling the following source file:
#include <cstdio>
#include <Python.h>
extern "C" int main(void)
{
  Py_Initialize();
  printf("found version %s", PY_VERSION);
#if PY_VERSION_HEX >= 0x02060000
  printf(", OK.\n");
  return 0;
#else
  printf(", expected version 2.6 or higher\n");
  return 1;
#endif
}
using the following command line:
g++ -O -Wall -o /root/pkglinux-pkgsrc/native/vbox7/.tmp_out /root/pkglinux-pkgsrc/native/vbox7/.tmp_src.cc -I/usr/include/python3.7m /usr/lib/64/libpython3.7m.so
g++: error: /usr/lib/64/libpython3.7m.so: No such file or directory
compiling the following source file:
#include <cstdio>
#include <Python.h>
extern "C" int main(void)
{
  Py_Initialize();
  printf("found version %s", PY_VERSION);
#if PY_VERSION_HEX >= 0x02060000
  printf(", OK.\n");
  return 0;
#else
  printf(", expected version 2.6 or higher\n");
  return 1;
#endif
}
using the following command line:
g++ -O -Wall -o /root/pkglinux-pkgsrc/native/vbox7/.tmp_out /root/pkglinux-pkgsrc/native/vbox7/.tmp_src.cc -I/usr/include/python3.7m /usr/lib/libpython3.7m.so
g++: error: /usr/lib/libpython3.7m.so: No such file or directory
compiling the following source file:
#include <cstdio>
#include <Python.h>
extern "C" int main(void)
{
  Py_Initialize();
  printf("found version %s", PY_VERSION);
#if PY_VERSION_HEX >= 0x02060000
  printf(", OK.\n");
  return 0;
#else
  printf(", expected version 2.6 or higher\n");
  return 1;
#endif
}
using the following command line:
g++ -O -Wall -o /root/pkglinux-pkgsrc/native/vbox7/.tmp_out /root/pkglinux-pkgsrc/native/vbox7/.tmp_src.cc -I/usr/include/python3.8 /usr/lib/x86_64-linux-gnu/libpython3.8.so
g++: error: /usr/lib/x86_64-linux-gnu/libpython3.8.so: No such file or directory
compiling the following source file:
#include <cstdio>
#include <Python.h>
extern "C" int main(void)
{
  Py_Initialize();
  printf("found version %s", PY_VERSION);
#if PY_VERSION_HEX >= 0x02060000
  printf(", OK.\n");
  return 0;
#else
  printf(", expected version 2.6 or higher\n");
  return 1;
#endif
}
using the following command line:
g++ -O -Wall -o /root/pkglinux-pkgsrc/native/vbox7/.tmp_out /root/pkglinux-pkgsrc/native/vbox7/.tmp_src.cc -I/usr/include/python3.8 /usr/lib/i386-linux-gnu/libpython3.8.so
g++: error: /usr/lib/i386-linux-gnu/libpython3.8.so: No such file or directory
compiling the following source file:
#include <cstdio>
#include <Python.h>
extern "C" int main(void)
{
  Py_Initialize();
  printf("found version %s", PY_VERSION);
#if PY_VERSION_HEX >= 0x02060000
  printf(", OK.\n");
  return 0;
#else
  printf(", expected version 2.6 or higher\n");
  return 1;
#endif
}
using the following command line:
g++ -O -Wall -o /root/pkglinux-pkgsrc/native/vbox7/.tmp_out /root/pkglinux-pkgsrc/native/vbox7/.tmp_src.cc -I/usr/include/python3.8 /usr/lib64/libpython3.8.so
g++: error: /usr/lib64/libpython3.8.so: No such file or directory
compiling the following source file:
#include <cstdio>
#include <Python.h>
extern "C" int main(void)
{
  Py_Initialize();
  printf("found version %s", PY_VERSION);
#if PY_VERSION_HEX >= 0x02060000
  printf(", OK.\n");
  return 0;
#else
  printf(", expected version 2.6 or higher\n");
  return 1;
#endif
}
using the following command line:
g++ -O -Wall -o /root/pkglinux-pkgsrc/native/vbox7/.tmp_out /root/pkglinux-pkgsrc/native/vbox7/.tmp_src.cc -I/usr/include/python3.8 /usr/lib/64/libpython3.8.so
g++: error: /usr/lib/64/libpython3.8.so: No such file or directory
compiling the following source file:
#include <cstdio>
#include <Python.h>
extern "C" int main(void)
{
  Py_Initialize();
  printf("found version %s", PY_VERSION);
#if PY_VERSION_HEX >= 0x02060000
  printf(", OK.\n");
  return 0;
#else
  printf(", expected version 2.6 or higher\n");
  return 1;
#endif
}
using the following command line:
g++ -O -Wall -o /root/pkglinux-pkgsrc/native/vbox7/.tmp_out /root/pkglinux-pkgsrc/native/vbox7/.tmp_src.cc -I/usr/include/python3.8 /usr/lib/libpython3.8.so
g++: error: /usr/lib/libpython3.8.so: No such file or directory
compiling the following source file:
#include <cstdio>
#include <Python.h>
extern "C" int main(void)
{
  Py_Initialize();
  printf("found version %s", PY_VERSION);
#if PY_VERSION_HEX >= 0x02060000
  printf(", OK.\n");
  return 0;
#else
  printf(", expected version 2.6 or higher\n");
  return 1;
#endif
}
using the following command line:
g++ -O -Wall -o /root/pkglinux-pkgsrc/native/vbox7/.tmp_out /root/pkglinux-pkgsrc/native/vbox7/.tmp_src.cc -I/usr/include/python3.9 /usr/lib/x86_64-linux-gnu/libpython3.9.so
g++: error: /usr/lib/x86_64-linux-gnu/libpython3.9.so: No such file or directory
compiling the following source file:
#include <cstdio>
#include <Python.h>
extern "C" int main(void)
{
  Py_Initialize();
  printf("found version %s", PY_VERSION);
#if PY_VERSION_HEX >= 0x02060000
  printf(", OK.\n");
  return 0;
#else
  printf(", expected version 2.6 or higher\n");
  return 1;
#endif
}
using the following command line:
g++ -O -Wall -o /root/pkglinux-pkgsrc/native/vbox7/.tmp_out /root/pkglinux-pkgsrc/native/vbox7/.tmp_src.cc -I/usr/include/python3.9 /usr/lib/i386-linux-gnu/libpython3.9.so
g++: error: /usr/lib/i386-linux-gnu/libpython3.9.so: No such file or directory
compiling the following source file:
#include <cstdio>
#include <Python.h>
extern "C" int main(void)
{
  Py_Initialize();
  printf("found version %s", PY_VERSION);
#if PY_VERSION_HEX >= 0x02060000
  printf(", OK.\n");
  return 0;
#else
  printf(", expected version 2.6 or higher\n");
  return 1;
#endif
}
using the following command line:
g++ -O -Wall -o /root/pkglinux-pkgsrc/native/vbox7/.tmp_out /root/pkglinux-pkgsrc/native/vbox7/.tmp_src.cc -I/usr/include/python3.9 /usr/lib64/libpython3.9.so
g++: error: /usr/lib64/libpython3.9.so: No such file or directory
compiling the following source file:
#include <cstdio>
#include <Python.h>
extern "C" int main(void)
{
  Py_Initialize();
  printf("found version %s", PY_VERSION);
#if PY_VERSION_HEX >= 0x02060000
  printf(", OK.\n");
  return 0;
#else
  printf(", expected version 2.6 or higher\n");
  return 1;
#endif
}
using the following command line:
g++ -O -Wall -o /root/pkglinux-pkgsrc/native/vbox7/.tmp_out /root/pkglinux-pkgsrc/native/vbox7/.tmp_src.cc -I/usr/include/python3.9 /usr/lib/64/libpython3.9.so
g++: error: /usr/lib/64/libpython3.9.so: No such file or directory
compiling the following source file:
#include <cstdio>
#include <Python.h>
extern "C" int main(void)
{
  Py_Initialize();
  printf("found version %s", PY_VERSION);
#if PY_VERSION_HEX >= 0x02060000
  printf(", OK.\n");
  return 0;
#else
  printf(", expected version 2.6 or higher\n");
  return 1;
#endif
}
using the following command line:
g++ -O -Wall -o /root/pkglinux-pkgsrc/native/vbox7/.tmp_out /root/pkglinux-pkgsrc/native/vbox7/.tmp_src.cc -I/usr/include/python3.9 /usr/lib/libpython3.9.so
g++: error: /usr/lib/libpython3.9.so: No such file or directory
compiling the following source file:
#include <cstdio>
#include <Python.h>
extern "C" int main(void)
{
  Py_Initialize();
  printf("found version %s", PY_VERSION);
#if PY_VERSION_HEX >= 0x02060000
  printf(", OK.\n");
  return 0;
#else
  printf(", expected version 2.6 or higher\n");
  return 1;
#endif
}
using the following command line:
g++ -O -Wall -o /root/pkglinux-pkgsrc/native/vbox7/.tmp_out /root/pkglinux-pkgsrc/native/vbox7/.tmp_src.cc -I/usr/include/python3.10 /usr/lib/x86_64-linux-gnu/libpython3.10.so
g++: error: /usr/lib/x86_64-linux-gnu/libpython3.10.so: No such file or directory
compiling the following source file:
#include <cstdio>
#include <Python.h>
extern "C" int main(void)
{
  Py_Initialize();
  printf("found version %s", PY_VERSION);
#if PY_VERSION_HEX >= 0x02060000
  printf(", OK.\n");
  return 0;
#else
  printf(", expected version 2.6 or higher\n");
  return 1;
#endif
}
using the following command line:
g++ -O -Wall -o /root/pkglinux-pkgsrc/native/vbox7/.tmp_out /root/pkglinux-pkgsrc/native/vbox7/.tmp_src.cc -I/usr/include/python3.10 /usr/lib/i386-linux-gnu/libpython3.10.so
g++: error: /usr/lib/i386-linux-gnu/libpython3.10.so: No such file or directory
compiling the following source file:
#include <cstdio>
#include <Python.h>
extern "C" int main(void)
{
  Py_Initialize();
  printf("found version %s", PY_VERSION);
#if PY_VERSION_HEX >= 0x02060000
  printf(", OK.\n");
  return 0;
#else
  printf(", expected version 2.6 or higher\n");
  return 1;
#endif
}
using the following command line:
g++ -O -Wall -o /root/pkglinux-pkgsrc/native/vbox7/.tmp_out /root/pkglinux-pkgsrc/native/vbox7/.tmp_src.cc -I/usr/include/python3.10 /usr/lib64/libpython3.10.so
g++: error: /usr/lib64/libpython3.10.so: No such file or directory
compiling the following source file:
#include <cstdio>
#include <Python.h>
extern "C" int main(void)
{
  Py_Initialize();
  printf("found version %s", PY_VERSION);
#if PY_VERSION_HEX >= 0x02060000
  printf(", OK.\n");
  return 0;
#else
  printf(", expected version 2.6 or higher\n");
  return 1;
#endif
}
using the following command line:
g++ -O -Wall -o /root/pkglinux-pkgsrc/native/vbox7/.tmp_out /root/pkglinux-pkgsrc/native/vbox7/.tmp_src.cc -I/usr/include/python3.10 /usr/lib/64/libpython3.10.so
g++: error: /usr/lib/64/libpython3.10.so: No such file or directory
compiling the following source file:
#include <cstdio>
#include <Python.h>
extern "C" int main(void)
{
  Py_Initialize();
  printf("found version %s", PY_VERSION);
#if PY_VERSION_HEX >= 0x02060000
  printf(", OK.\n");
  return 0;
#else
  printf(", expected version 2.6 or higher\n");
  return 1;
#endif
}
using the following command line:
g++ -O -Wall -o /root/pkglinux-pkgsrc/native/vbox7/.tmp_out /root/pkglinux-pkgsrc/native/vbox7/.tmp_src.cc -I/usr/include/python3.10 /usr/lib/libpython3.10.so
g++: error: /usr/lib/libpython3.10.so: No such file or directory
compiling the following source file:
#include <cstdio>
#include <Python.h>
extern "C" int main(void)
{
  Py_Initialize();
  printf("found version %s", PY_VERSION);
#if PY_VERSION_HEX >= 0x02060000
  printf(", OK.\n");
  return 0;
#else
  printf(", expected version 2.6 or higher\n");
  return 1;
#endif
}
using the following command line:
g++ -O -Wall -o /root/pkglinux-pkgsrc/native/vbox7/.tmp_out /root/pkglinux-pkgsrc/native/vbox7/.tmp_src.cc -I/usr/include/python3.11 /usr/lib/x86_64-linux-gnu/libpython3.11.so
g++: error: /usr/lib/x86_64-linux-gnu/libpython3.11.so: No such file or directory
compiling the following source file:
#include <cstdio>
#include <Python.h>
extern "C" int main(void)
{
  Py_Initialize();
  printf("found version %s", PY_VERSION);
#if PY_VERSION_HEX >= 0x02060000
  printf(", OK.\n");
  return 0;
#else
  printf(", expected version 2.6 or higher\n");
  return 1;
#endif
}
using the following command line:
g++ -O -Wall -o /root/pkglinux-pkgsrc/native/vbox7/.tmp_out /root/pkglinux-pkgsrc/native/vbox7/.tmp_src.cc -I/usr/include/python3.11 /usr/lib/i386-linux-gnu/libpython3.11.so
g++: error: /usr/lib/i386-linux-gnu/libpython3.11.so: No such file or directory
compiling the following source file:
#include <cstdio>
#include <Python.h>
extern "C" int main(void)
{
  Py_Initialize();
  printf("found version %s", PY_VERSION);
#if PY_VERSION_HEX >= 0x02060000
  printf(", OK.\n");
  return 0;
#else
  printf(", expected version 2.6 or higher\n");
  return 1;
#endif
}
using the following command line:
g++ -O -Wall -o /root/pkglinux-pkgsrc/native/vbox7/.tmp_out /root/pkglinux-pkgsrc/native/vbox7/.tmp_src.cc -I/usr/include/python3.11 /usr/lib64/libpython3.11.so
g++: error: /usr/lib64/libpython3.11.so: No such file or directory
compiling the following source file:
#include <cstdio>
#include <Python.h>
extern "C" int main(void)
{
  Py_Initialize();
  printf("found version %s", PY_VERSION);
#if PY_VERSION_HEX >= 0x02060000
  printf(", OK.\n");
  return 0;
#else
  printf(", expected version 2.6 or higher\n");
  return 1;
#endif
}
using the following command line:
g++ -O -Wall -o /root/pkglinux-pkgsrc/native/vbox7/.tmp_out /root/pkglinux-pkgsrc/native/vbox7/.tmp_src.cc -I/usr/include/python3.11 /usr/lib/64/libpython3.11.so
g++: error: /usr/lib/64/libpython3.11.so: No such file or directory
compiling the following source file:
#include <cstdio>
#include <Python.h>
extern "C" int main(void)
{
  Py_Initialize();
  printf("found version %s", PY_VERSION);
#if PY_VERSION_HEX >= 0x02060000
  printf(", OK.\n");
  return 0;
#else
  printf(", expected version 2.6 or higher\n");
  return 1;
#endif
}
using the following command line:
g++ -O -Wall -o /root/pkglinux-pkgsrc/native/vbox7/.tmp_out /root/pkglinux-pkgsrc/native/vbox7/.tmp_src.cc -I/usr/include/python3.11 /usr/lib/libpython3.11.so
g++: error: /usr/lib/libpython3.11.so: No such file or directory
compiling the following source file:
#include <cstdio>
#include <Python.h>
extern "C" int main(void)
{
  Py_Initialize();
  printf("found version %s", PY_VERSION);
#if PY_VERSION_HEX >= 0x02060000
  printf(", OK.\n");
  return 0;
#else
  printf(", expected version 2.6 or higher\n");
  return 1;
#endif
}
using the following command line:
g++ -O -Wall -o /root/pkglinux-pkgsrc/native/vbox7/.tmp_out /root/pkglinux-pkgsrc/native/vbox7/.tmp_src.cc -I/usr/include/python3.12 /usr/lib/x86_64-linux-gnu/libpython3.12.so
g++: error: /usr/lib/x86_64-linux-gnu/libpython3.12.so: No such file or directory
compiling the following source file:
#include <cstdio>
#include <Python.h>
extern "C" int main(void)
{
  Py_Initialize();
  printf("found version %s", PY_VERSION);
#if PY_VERSION_HEX >= 0x02060000
  printf(", OK.\n");
  return 0;
#else
  printf(", expected version 2.6 or higher\n");
  return 1;
#endif
}
using the following command line:
g++ -O -Wall -o /root/pkglinux-pkgsrc/native/vbox7/.tmp_out /root/pkglinux-pkgsrc/native/vbox7/.tmp_src.cc -I/usr/include/python3.12 /usr/lib/i386-linux-gnu/libpython3.12.so
g++: error: /usr/lib/i386-linux-gnu/libpython3.12.so: No such file or directory
compiling the following source file:
#include <cstdio>
#include <Python.h>
extern "C" int main(void)
{
  Py_Initialize();
  printf("found version %s", PY_VERSION);
#if PY_VERSION_HEX >= 0x02060000
  printf(", OK.\n");
  return 0;
#else
  printf(", expected version 2.6 or higher\n");
  return 1;
#endif
}
using the following command line:
g++ -O -Wall -o /root/pkglinux-pkgsrc/native/vbox7/.tmp_out /root/pkglinux-pkgsrc/native/vbox7/.tmp_src.cc -I/usr/include/python3.12 /usr/lib64/libpython3.12.so
g++: error: /usr/lib64/libpython3.12.so: No such file or directory
compiling the following source file:
#include <cstdio>
#include <Python.h>
extern "C" int main(void)
{
  Py_Initialize();
  printf("found version %s", PY_VERSION);
#if PY_VERSION_HEX >= 0x02060000
  printf(", OK.\n");
  return 0;
#else
  printf(", expected version 2.6 or higher\n");
  return 1;
#endif
}
using the following command line:
g++ -O -Wall -o /root/pkglinux-pkgsrc/native/vbox7/.tmp_out /root/pkglinux-pkgsrc/native/vbox7/.tmp_src.cc -I/usr/include/python3.12 /usr/lib/64/libpython3.12.so
g++: error: /usr/lib/64/libpython3.12.so: No such file or directory
compiling the following source file:
#include <cstdio>
#include <Python.h>
extern "C" int main(void)
{
  Py_Initialize();
  printf("found version %s", PY_VERSION);
#if PY_VERSION_HEX >= 0x02060000
  printf(", OK.\n");
  return 0;
#else
  printf(", expected version 2.6 or higher\n");
  return 1;
#endif
}
using the following command line:
g++ -O -Wall -o /root/pkglinux-pkgsrc/native/vbox7/.tmp_out /root/pkglinux-pkgsrc/native/vbox7/.tmp_src.cc -I/usr/include/python3.12 /usr/lib/libpython3.12.so
g++: error: /usr/lib/libpython3.12.so: No such file or directory
compiling the following source file:
#include <cstdio>
#include <Python.h>
extern "C" int main(void)
{
  Py_Initialize();
  printf("found version %s", PY_VERSION);
#if PY_VERSION_HEX >= 0x02060000
  printf(", OK.\n");
  return 0;
#else
  printf(", expected version 2.6 or higher\n");
  return 1;
#endif
}
using the following command line:
g++ -O -Wall -o /root/pkglinux-pkgsrc/native/vbox7/.tmp_out /root/pkglinux-pkgsrc/native/vbox7/.tmp_src.cc -I/pkg/include/python2.7 /pkg/lib/x86_64-linux-gnu/libpython2.7.so
g++: error: /pkg/lib/x86_64-linux-gnu/libpython2.7.so: No such file or directory
compiling the following source file:
#include <cstdio>
#include <Python.h>
extern "C" int main(void)
{
  Py_Initialize();
  printf("found version %s", PY_VERSION);
#if PY_VERSION_HEX >= 0x02060000
  printf(", OK.\n");
  return 0;
#else
  printf(", expected version 2.6 or higher\n");
  return 1;
#endif
}
using the following command line:
g++ -O -Wall -o /root/pkglinux-pkgsrc/native/vbox7/.tmp_out /root/pkglinux-pkgsrc/native/vbox7/.tmp_src.cc -I/pkg/include/python2.7 /pkg/lib/i386-linux-gnu/libpython2.7.so
g++: error: /pkg/lib/i386-linux-gnu/libpython2.7.so: No such file or directory
compiling the following source file:
#include <cstdio>
#include <Python.h>
extern "C" int main(void)
{
  Py_Initialize();
  printf("found version %s", PY_VERSION);
#if PY_VERSION_HEX >= 0x02060000
  printf(", OK.\n");
  return 0;
#else
  printf(", expected version 2.6 or higher\n");
  return 1;
#endif
}
using the following command line:
g++ -O -Wall -o /root/pkglinux-pkgsrc/native/vbox7/.tmp_out /root/pkglinux-pkgsrc/native/vbox7/.tmp_src.cc -I/pkg/include/python2.7 /pkg/lib64/libpython2.7.so
g++: error: /pkg/lib64/libpython2.7.so: No such file or directory
compiling the following source file:
#include <cstdio>
#include <Python.h>
extern "C" int main(void)
{
  Py_Initialize();
  printf("found version %s", PY_VERSION);
#if PY_VERSION_HEX >= 0x02060000
  printf(", OK.\n");
  return 0;
#else
  printf(", expected version 2.6 or higher\n");
  return 1;
#endif
}
using the following command line:
g++ -O -Wall -o /root/pkglinux-pkgsrc/native/vbox7/.tmp_out /root/pkglinux-pkgsrc/native/vbox7/.tmp_src.cc -I/pkg/include/python2.7 /pkg/lib/64/libpython2.7.so
g++: error: /pkg/lib/64/libpython2.7.so: No such file or directory
compiling the following source file:
#include <cstdio>
#include <Python.h>
extern "C" int main(void)
{
  Py_Initialize();
  printf("found version %s", PY_VERSION);
#if PY_VERSION_HEX >= 0x02060000
  printf(", OK.\n");
  return 0;
#else
  printf(", expected version 2.6 or higher\n");
  return 1;
#endif
}
using the following command line:
g++ -O -Wall -o /root/pkglinux-pkgsrc/native/vbox7/.tmp_out /root/pkglinux-pkgsrc/native/vbox7/.tmp_src.cc -I/pkg/include/python2.7 /pkg/lib/libpython2.7.so
In file included from /pkg/include/python2.7/Python.h:8:0,
                 from /root/pkglinux-pkgsrc/native/vbox7/.tmp_src.cc:2:
/pkg/include/python2.7/pyconfig.h:1226:0: warning: "_POSIX_C_SOURCE" redefined
 #define _POSIX_C_SOURCE 200112L
 
In file included from /2022Q2/native/usr/include/c++/6.5.0/x86_64-unknown-linux/bits/os_defines.h:39:0,
                 from /2022Q2/native/usr/include/c++/6.5.0/x86_64-unknown-linux/bits/c++config.h:507,
                 from /2022Q2/native/usr/include/c++/6.5.0/cstdio:41,
                 from /root/pkglinux-pkgsrc/native/vbox7/.tmp_src.cc:1:
/2022Q2/native/usr/include/features.h:281:0: note: this is the location of the previous definition
 # define _POSIX_C_SOURCE 200809L
 
In file included from /pkg/include/python2.7/Python.h:8:0,
                 from /root/pkglinux-pkgsrc/native/vbox7/.tmp_src.cc:2:
/pkg/include/python2.7/pyconfig.h:1249:0: warning: "_XOPEN_SOURCE" redefined
 #define _XOPEN_SOURCE 600
 
In file included from /2022Q2/native/usr/include/c++/6.5.0/x86_64-unknown-linux/bits/os_defines.h:39:0,
                 from /2022Q2/native/usr/include/c++/6.5.0/x86_64-unknown-linux/bits/c++config.h:507,
                 from /2022Q2/native/usr/include/c++/6.5.0/cstdio:41,
                 from /root/pkglinux-pkgsrc/native/vbox7/.tmp_src.cc:1:
/2022Q2/native/usr/include/features.h:207:0: note: this is the location of the previous definition
 # define _XOPEN_SOURCE 700
 
executing the binary
found version 2.7.18, OK.


***** Checking Java support *****



***** Checking PulseAudio *****
compiling the following source file:
#include <cstdio>
#include <pulse/version.h>
extern "C" int main(void)
{
  printf("found version %s API version %d", pa_get_headers_version(), PA_API_VERSION);
#if PA_API_VERSION >= 9
  printf(", OK.\n");
  return 0;
#else
  printf(", expected version 0.9.0 (API version 9) or higher\n");
  return 1;
#endif
}
using the following command line:
g++  -fPIC -g -O -Wall -o /root/pkglinux-pkgsrc/native/vbox7/.tmp_out /root/pkglinux-pkgsrc/native/vbox7/.tmp_src.cc -I/pkg/include -L/pkg/lib   -lpulse
executing the binary
found version 15.0.0 API version 12, OK.


***** Checking static stc++ library *****
compiling the following source file:
#include <string>

extern "C" int main(void)
{
  std::string s = "test";
  return 0;
}
using the following command line:
g++  -fPIC -g -O -Wall -o /root/pkglinux-pkgsrc/native/vbox7/.tmp_out /root/pkglinux-pkgsrc/native/vbox7/.tmp_src.cc -I/pkg/include -L/pkg/lib /2022Q2/native/usr/lib/gcc/x86_64-unknown-linux/6.5.0/../../../../lib/libstdc++.a
found


***** Checking Linux kernel sources *****
compiling the following source file:
#include <linux/version.h>
int printf(const char *format, ...);
int main(void)
{
  printf("found version %d.%d.%d",  LINUX_VERSION_CODE / 65536,
                                   (LINUX_VERSION_CODE % 65536) / 256,
                                    LINUX_VERSION_CODE          % 256);
#if LINUX_VERSION_CODE > KERNEL_VERSION(2,4,0)
  printf(", OK.\n");
  return 0;
#else
  printf(", expected version 2.4.0 or higher\n");
  return 1;
#endif
}
using the following command line:
gcc -O -Wall -o /root/pkglinux-pkgsrc/native/vbox7/.tmp_out /root/pkglinux-pkgsrc/native/vbox7/.tmp_src.c -nostdinc -I/lib/modules/5.18.17/build/include  -I/lib/modules/5.18.17/build/include/generated/uapi
executing the binary
found version 5.18.17, OK.


***** Checking ALSA *****
compiling the following source file:
#include <cstdio>
#include <alsa/asoundlib.h>
extern "C" int main(void)
{
  printf("found version %d.%d.%d",
         SND_LIB_MAJOR, SND_LIB_MINOR, SND_LIB_SUBMINOR);
#if 10000*SND_LIB_MAJOR + 100*SND_LIB_MINOR + SND_LIB_SUBMINOR >= 10014
  printf(", OK.\n");
  return 0;
#else
  printf(", expected version 1.0.14 or higher\n");
  return 1;
#endif
}
using the following command line:
g++  -fPIC -g -O -Wall -o /root/pkglinux-pkgsrc/native/vbox7/.tmp_out /root/pkglinux-pkgsrc/native/vbox7/.tmp_src.cc -I/pkg/include -L/pkg/lib -lasound
executing the binary
found version 1.2.6, OK.


***** Checking libdevmapper *****
compiling the following source file:
#include <cstdio>
extern "C" {
#define private
#include <libdevmapper.h>
int main()
{
  char version[80];

  if (!dm_get_library_version(version, sizeof(version)))
  {
    printf("dm_get_library_version() failed.\n");
    return 1;
  }

  const char* v=version;
  unsigned int major = 0, minor = 0, micro = 0;

  for (; *v !='.' && *v != '\0'; v++) major = major*10 + *v-'0';
  if (*v == '.') v++;
  for (; *v !='.' && *v != '\0'; v++) minor = minor*10 + *v-'0';
  if (*v == '.') v++;
  for (; *v !='.' && *v != '\0'; v++) micro = micro*10 + *v-'0';

  printf("found version %s", version);
  if (major*10000 + minor*100 + micro >= 10200)
  {
    printf(", OK.\n");
    return 0;
  }
  else
  {
    printf(", expected version 1.02 or higher\n");
    return 1;
  }
}
}
using the following command line:
g++  -fPIC -g -O -Wall -o /root/pkglinux-pkgsrc/native/vbox7/.tmp_out /root/pkglinux-pkgsrc/native/vbox7/.tmp_src.cc -I/pkg/include -L/pkg/lib -ldevmapper 
executing the binary
found version 1.02.179 (2021-08-11), OK.


***** Checking libcap library *****
compiling the following source file:
#include <cstdio>
#include <sys/types.h>
#include <linux/types.h>
#include <sys/capability.h>

extern "C" int main(void)
{
  char buf[1024];
  cap_t caps = cap_get_proc();
  snprintf(buf, sizeof(buf), "Current caps are '%s'\n", cap_to_text(caps, NULL));
  return 0;
}
using the following command line:
g++  -fPIC -g -O -Wall -o /root/pkglinux-pkgsrc/native/vbox7/.tmp_out /root/pkglinux-pkgsrc/native/vbox7/.tmp_src.cc -lcap
executing the binary


found


***** Checking compiler.h *****
compiler.h not found


***** Checking 32-bit support *****
compiling the following source file:
#include <stdint.h>
int main(void)
{
  return 0;
}
using the following command line:
gcc -m32 -O -Wall -o /root/pkglinux-pkgsrc/native/vbox7/.tmp_out /root/pkglinux-pkgsrc/native/vbox7/.tmp_src.c
executing the binary



***** Checking makeself *****
found version 2.4.0


***** Checking GSOAP compiler *****
found version 2.8.131


